<?xml version="1.0" encoding="UTF-8"?>
<!-- Generated by org.testng.reporters.JUnitXMLReporter -->
<testsuite hostname="ydm111-PC" name="自动化测试用例" tests="10" failures="5" timestamp="24 Apr 2019 02:22:30 GMT" time="13.511" errors="0">
  <testcase name="apiTest" time="3.161" classname="com.ydm.api_autotest.ApiTest"/>
  <testcase name="apiTest" time="2.282" classname="com.ydm.api_autotest.ApiTest"/>
  <testcase name="apiTest" time="2.617" classname="com.ydm.api_autotest.ApiTest"/>
  <testcase name="apiTest" time="0.197" classname="com.ydm.api_autotest.ApiTest">
    <failure type="com.alibaba.fastjson.JSONException" message="syntax error, pos 1, json : &amp;lt;!doctype html&amp;gt;&amp;lt;html lang=&amp;quot;en&amp;quot;&amp;gt;&amp;lt;head&amp;gt;&amp;lt;title&amp;gt;HTTP Status 500 – Internal Server Error&amp;lt;/title&amp;gt;&amp;lt;style type=&amp;quot;text/css&amp;quot;&amp;gt;h1 {font-family:Tahoma,Arial,sans-serif;color:white;background-color:#525D76;font-size:22px;} h2 {font-family:Tahoma,Arial,sans-serif;color:white;background-color:#525D76;font-size:16px;} h3 {font-family:Tahoma,Arial,sans-serif;color:white;background-color:#525D76;font-size:14px;} body {font-family:Tahoma,Arial,sans-serif;color:black;background-color:white;} b {font-family:Tahoma,Arial,sans-serif;color:white;background-color:#525D76;} p {font-family:Tahoma,Arial,sans-serif;background:white;color:black;font-size:12px;} a {color:black;} a.name {color:black;} .line {height:1px;background-color:#525D76;border:none;}&amp;lt;/style&amp;gt;&amp;lt;/head&amp;gt;&amp;lt;body&amp;gt;&amp;lt;h1&amp;gt;HTTP Status 500 – Internal Server Error&amp;lt;/h1&amp;gt;&amp;lt;hr class=&amp;quot;line&amp;quot; /&amp;gt;&amp;lt;p&amp;gt;&amp;lt;b&amp;gt;Type&amp;lt;/b&amp;gt; Exception Report&amp;lt;/p&amp;gt;&amp;lt;p&amp;gt;&amp;lt;b&amp;gt;Message&amp;lt;/b&amp;gt; Request processing failed; nested exception is java.lang.NullPointerException&amp;lt;/p&amp;gt;&amp;lt;p&amp;gt;&amp;lt;b&amp;gt;Description&amp;lt;/b&amp;gt; The server encountered an unexpected condition that prevented it from fulfilling the request.&amp;lt;/p&amp;gt;&amp;lt;p&amp;gt;&amp;lt;b&amp;gt;Exception&amp;lt;/b&amp;gt;&amp;lt;/p&amp;gt;&amp;lt;pre&amp;gt;org.springframework.web.util.NestedServletException: Request processing failed; nested exception is java.lang.NullPointerException
	org.springframework.web.servlet.FrameworkServlet.processRequest(FrameworkServlet.java:982)
	org.springframework.web.servlet.FrameworkServlet.doPost(FrameworkServlet.java:872)
	javax.servlet.http.HttpServlet.service(HttpServlet.java:661)
	org.springframework.web.servlet.FrameworkServlet.service(FrameworkServlet.java:846)
	javax.servlet.http.HttpServlet.service(HttpServlet.java:742)
	org.apache.tomcat.websocket.server.WsFilter.doFilter(WsFilter.java:52)
	org.springframework.web.filter.CharacterEncodingFilter.doFilterInternal(CharacterEncodingFilter.java:197)
	org.springframework.web.filter.OncePerRequestFilter.doFilter(OncePerRequestFilter.java:107)
&amp;lt;/pre&amp;gt;&amp;lt;p&amp;gt;&amp;lt;b&amp;gt;Root Cause&amp;lt;/b&amp;gt;&amp;lt;/p&amp;gt;&amp;lt;pre&amp;gt;java.lang.NullPointerException
	com.jandy.Service.Impl.UserServiceImpl.UserNameType(UserServiceImpl.java:39)
	com.jandy.Service.Impl.UserServiceImpl.getValidationUser(UserServiceImpl.java:102)
	com.jandy.controller.DAdminController.Login(DAdminController.java:124)
	sun.reflect.GeneratedMethodAccessor99.invoke(Unknown Source)
	sun.reflect.DelegatingMethodAccessorImpl.invoke(DelegatingMethodAccessorImpl.java:43)
	java.lang.reflect.Method.invoke(Method.java:498)
	org.springframework.web.method.support.InvocableHandlerMethod.doInvoke(InvocableHandlerMethod.java:205)
	org.springframework.web.method.support.InvocableHandlerMethod.invokeForRequest(InvocableHandlerMethod.java:133)
	org.springframework.web.servlet.mvc.method.annotation.ServletInvocableHandlerMethod.invokeAndHandle(ServletInvocableHandlerMethod.java:116)
	org.springframework.web.servlet.mvc.method.annotation.RequestMappingHandlerAdapter.invokeHandlerMethod(RequestMappingHandlerAdapter.java:827)
	org.springframework.web.servlet.mvc.method.annotation.RequestMappingHandlerAdapter.handleInternal(RequestMappingHandlerAdapter.java:738)
	org.springframework.web.servlet.mvc.method.AbstractHandlerMethodAdapter.handle(AbstractHandlerMethodAdapter.java:85)
	org.springframework.web.servlet.DispatcherServlet.doDispatch(DispatcherServlet.java:963)
	org.springframework.web.servlet.DispatcherServlet.doService(DispatcherServlet.java:897)
	org.springframework.web.servlet.FrameworkServlet.processRequest(FrameworkServlet.java:970)
	org.springframework.web.servlet.FrameworkServlet.doPost(FrameworkServlet.java:872)
	javax.servlet.http.HttpServlet.service(HttpServlet.java:661)
	org.springframework.web.servlet.FrameworkServlet.service(FrameworkServlet.java:846)
	javax.servlet.http.HttpServlet.service(HttpServlet.java:742)
	org.apache.tomcat.websocket.server.WsFilter.doFilter(WsFilter.java:52)
	org.springframework.web.filter.CharacterEncodingFilter.doFilterInternal(CharacterEncodingFilter.java:197)
	org.springframework.web.filter.OncePerRequestFilter.doFilter(OncePerRequestFilter.java:107)
&amp;lt;/pre&amp;gt;&amp;lt;p&amp;gt;&amp;lt;b&amp;gt;Note&amp;lt;/b&amp;gt; The full stack trace of the root cause is available in the server logs.&amp;lt;/p&amp;gt;&amp;lt;hr class=&amp;quot;line&amp;quot; /&amp;gt;&amp;lt;h3&amp;gt;Apache Tomcat/8.5.31&amp;lt;/h3&amp;gt;&amp;lt;/body&amp;gt;&amp;lt;/html&amp;gt;">
      <![CDATA[com.alibaba.fastjson.JSONException: syntax error, pos 1, json : <!doctype html><html lang="en"><head><title>HTTP Status 500 – Internal Server Error</title><style type="text/css">h1 {font-family:Tahoma,Arial,sans-serif;color:white;background-color:#525D76;font-size:22px;} h2 {font-family:Tahoma,Arial,sans-serif;color:white;background-color:#525D76;font-size:16px;} h3 {font-family:Tahoma,Arial,sans-serif;color:white;background-color:#525D76;font-size:14px;} body {font-family:Tahoma,Arial,sans-serif;color:black;background-color:white;} b {font-family:Tahoma,Arial,sans-serif;color:white;background-color:#525D76;} p {font-family:Tahoma,Arial,sans-serif;background:white;color:black;font-size:12px;} a {color:black;} a.name {color:black;} .line {height:1px;background-color:#525D76;border:none;}</style></head><body><h1>HTTP Status 500 – Internal Server Error</h1><hr class="line" /><p><b>Type</b> Exception Report</p><p><b>Message</b> Request processing failed; nested exception is java.lang.NullPointerException</p><p><b>Description</b> The server encountered an unexpected condition that prevented it from fulfilling the request.</p><p><b>Exception</b></p><pre>org.springframework.web.util.NestedServletException: Request processing failed; nested exception is java.lang.NullPointerException
	org.springframework.web.servlet.FrameworkServlet.processRequest(FrameworkServlet.java:982)
	org.springframework.web.servlet.FrameworkServlet.doPost(FrameworkServlet.java:872)
	javax.servlet.http.HttpServlet.service(HttpServlet.java:661)
	org.springframework.web.servlet.FrameworkServlet.service(FrameworkServlet.java:846)
	javax.servlet.http.HttpServlet.service(HttpServlet.java:742)
	org.apache.tomcat.websocket.server.WsFilter.doFilter(WsFilter.java:52)
	org.springframework.web.filter.CharacterEncodingFilter.doFilterInternal(CharacterEncodingFilter.java:197)
	org.springframework.web.filter.OncePerRequestFilter.doFilter(OncePerRequestFilter.java:107)
</pre><p><b>Root Cause</b></p><pre>java.lang.NullPointerException
	com.jandy.Service.Impl.UserServiceImpl.UserNameType(UserServiceImpl.java:39)
	com.jandy.Service.Impl.UserServiceImpl.getValidationUser(UserServiceImpl.java:102)
	com.jandy.controller.DAdminController.Login(DAdminController.java:124)
	org.springframework.web.method.support.InvocableHandlerMethod.doInvoke(InvocableHandlerMethod.java:205)
	org.springframework.web.method.support.InvocableHandlerMethod.invokeForRequest(InvocableHandlerMethod.java:133)
	org.springframework.web.servlet.mvc.method.annotation.ServletInvocableHandlerMethod.invokeAndHandle(ServletInvocableHandlerMethod.java:116)
	org.springframework.web.servlet.mvc.method.annotation.RequestMappingHandlerAdapter.invokeHandlerMethod(RequestMappingHandlerAdapter.java:827)
	org.springframework.web.servlet.mvc.method.annotation.RequestMappingHandlerAdapter.handleInternal(RequestMappingHandlerAdapter.java:738)
	org.springframework.web.servlet.mvc.method.AbstractHandlerMethodAdapter.handle(AbstractHandlerMethodAdapter.java:85)
	org.springframework.web.servlet.DispatcherServlet.doDispatch(DispatcherServlet.java:963)
	org.springframework.web.servlet.DispatcherServlet.doService(DispatcherServlet.java:897)
	org.springframework.web.servlet.FrameworkServlet.processRequest(FrameworkServlet.java:970)
	org.springframework.web.servlet.FrameworkServlet.doPost(FrameworkServlet.java:872)
	javax.servlet.http.HttpServlet.service(HttpServlet.java:661)
	org.springframework.web.servlet.FrameworkServlet.service(FrameworkServlet.java:846)
	javax.servlet.http.HttpServlet.service(HttpServlet.java:742)
	org.apache.tomcat.websocket.server.WsFilter.doFilter(WsFilter.java:52)
	org.springframework.web.filter.CharacterEncodingFilter.doFilterInternal(CharacterEncodingFilter.java:197)
	org.springframework.web.filter.OncePerRequestFilter.doFilter(OncePerRequestFilter.java:107)
</pre><p><b>Note</b> The full stack trace of the root cause is available in the server logs.</p><hr class="line" /><h3>Apache Tomcat/8.5.31</h3></body></html>
	at com.alibaba.fastjson.parser.DefaultJSONParser.parse(DefaultJSONParser.java:1394)
	at com.alibaba.fastjson.parser.DefaultJSONParser.parse(DefaultJSONParser.java:1301)
	at com.alibaba.fastjson.JSON.parse(JSON.java:148)
	at com.alibaba.fastjson.JSON.parse(JSON.java:139)
	at com.alibaba.fastjson.JSONPath.read(JSONPath.java:425)
	at com.ydm.api_autotest.TestBase.getBuildValue(TestBase.java:164)
	at com.ydm.api_autotest.TestBase.verifyResult(TestBase.java:144)
	at com.ydm.api_autotest.ApiTest.apiTest(ApiTest.java:187)
	at com.ydm.api_autotest.ApiAutotestApplicationTests.main(ApiAutotestApplicationTests.java:29)
... Removed 24 stack frames]]>
    </failure>
  </testcase> <!-- apiTest -->
  <testcase name="apiTest" time="0.932" classname="com.ydm.api_autotest.ApiTest">
    <failure type="com.alibaba.fastjson.JSONException" message="syntax error, pos 1, json : &amp;lt;!doctype html&amp;gt;&amp;lt;html lang=&amp;quot;en&amp;quot;&amp;gt;&amp;lt;head&amp;gt;&amp;lt;title&amp;gt;HTTP Status 500 – Internal Server Error&amp;lt;/title&amp;gt;&amp;lt;style type=&amp;quot;text/css&amp;quot;&amp;gt;h1 {font-family:Tahoma,Arial,sans-serif;color:white;background-color:#525D76;font-size:22px;} h2 {font-family:Tahoma,Arial,sans-serif;color:white;background-color:#525D76;font-size:16px;} h3 {font-family:Tahoma,Arial,sans-serif;color:white;background-color:#525D76;font-size:14px;} body {font-family:Tahoma,Arial,sans-serif;color:black;background-color:white;} b {font-family:Tahoma,Arial,sans-serif;color:white;background-color:#525D76;} p {font-family:Tahoma,Arial,sans-serif;background:white;color:black;font-size:12px;} a {color:black;} a.name {color:black;} .line {height:1px;background-color:#525D76;border:none;}&amp;lt;/style&amp;gt;&amp;lt;/head&amp;gt;&amp;lt;body&amp;gt;&amp;lt;h1&amp;gt;HTTP Status 500 – Internal Server Error&amp;lt;/h1&amp;gt;&amp;lt;hr class=&amp;quot;line&amp;quot; /&amp;gt;&amp;lt;p&amp;gt;&amp;lt;b&amp;gt;Type&amp;lt;/b&amp;gt; Exception Report&amp;lt;/p&amp;gt;&amp;lt;p&amp;gt;&amp;lt;b&amp;gt;Message&amp;lt;/b&amp;gt; Request processing failed; nested exception is java.lang.NullPointerException&amp;lt;/p&amp;gt;&amp;lt;p&amp;gt;&amp;lt;b&amp;gt;Description&amp;lt;/b&amp;gt; The server encountered an unexpected condition that prevented it from fulfilling the request.&amp;lt;/p&amp;gt;&amp;lt;p&amp;gt;&amp;lt;b&amp;gt;Exception&amp;lt;/b&amp;gt;&amp;lt;/p&amp;gt;&amp;lt;pre&amp;gt;org.springframework.web.util.NestedServletException: Request processing failed; nested exception is java.lang.NullPointerException
	org.springframework.web.servlet.FrameworkServlet.processRequest(FrameworkServlet.java:982)
	org.springframework.web.servlet.FrameworkServlet.doPost(FrameworkServlet.java:872)
	javax.servlet.http.HttpServlet.service(HttpServlet.java:661)
	org.springframework.web.servlet.FrameworkServlet.service(FrameworkServlet.java:846)
	javax.servlet.http.HttpServlet.service(HttpServlet.java:742)
	org.apache.tomcat.websocket.server.WsFilter.doFilter(WsFilter.java:52)
	org.springframework.web.filter.CharacterEncodingFilter.doFilterInternal(CharacterEncodingFilter.java:197)
	org.springframework.web.filter.OncePerRequestFilter.doFilter(OncePerRequestFilter.java:107)
&amp;lt;/pre&amp;gt;&amp;lt;p&amp;gt;&amp;lt;b&amp;gt;Root Cause&amp;lt;/b&amp;gt;&amp;lt;/p&amp;gt;&amp;lt;pre&amp;gt;java.lang.NullPointerException
	com.jandy.Service.Impl.UserServiceImpl.UserNameType(UserServiceImpl.java:39)
	com.jandy.Service.Impl.UserServiceImpl.getValidationUser(UserServiceImpl.java:102)
	com.jandy.controller.DAdminController.Login(DAdminController.java:124)
	sun.reflect.GeneratedMethodAccessor99.invoke(Unknown Source)
	sun.reflect.DelegatingMethodAccessorImpl.invoke(DelegatingMethodAccessorImpl.java:43)
	java.lang.reflect.Method.invoke(Method.java:498)
	org.springframework.web.method.support.InvocableHandlerMethod.doInvoke(InvocableHandlerMethod.java:205)
	org.springframework.web.method.support.InvocableHandlerMethod.invokeForRequest(InvocableHandlerMethod.java:133)
	org.springframework.web.servlet.mvc.method.annotation.ServletInvocableHandlerMethod.invokeAndHandle(ServletInvocableHandlerMethod.java:116)
	org.springframework.web.servlet.mvc.method.annotation.RequestMappingHandlerAdapter.invokeHandlerMethod(RequestMappingHandlerAdapter.java:827)
	org.springframework.web.servlet.mvc.method.annotation.RequestMappingHandlerAdapter.handleInternal(RequestMappingHandlerAdapter.java:738)
	org.springframework.web.servlet.mvc.method.AbstractHandlerMethodAdapter.handle(AbstractHandlerMethodAdapter.java:85)
	org.springframework.web.servlet.DispatcherServlet.doDispatch(DispatcherServlet.java:963)
	org.springframework.web.servlet.DispatcherServlet.doService(DispatcherServlet.java:897)
	org.springframework.web.servlet.FrameworkServlet.processRequest(FrameworkServlet.java:970)
	org.springframework.web.servlet.FrameworkServlet.doPost(FrameworkServlet.java:872)
	javax.servlet.http.HttpServlet.service(HttpServlet.java:661)
	org.springframework.web.servlet.FrameworkServlet.service(FrameworkServlet.java:846)
	javax.servlet.http.HttpServlet.service(HttpServlet.java:742)
	org.apache.tomcat.websocket.server.WsFilter.doFilter(WsFilter.java:52)
	org.springframework.web.filter.CharacterEncodingFilter.doFilterInternal(CharacterEncodingFilter.java:197)
	org.springframework.web.filter.OncePerRequestFilter.doFilter(OncePerRequestFilter.java:107)
&amp;lt;/pre&amp;gt;&amp;lt;p&amp;gt;&amp;lt;b&amp;gt;Note&amp;lt;/b&amp;gt; The full stack trace of the root cause is available in the server logs.&amp;lt;/p&amp;gt;&amp;lt;hr class=&amp;quot;line&amp;quot; /&amp;gt;&amp;lt;h3&amp;gt;Apache Tomcat/8.5.31&amp;lt;/h3&amp;gt;&amp;lt;/body&amp;gt;&amp;lt;/html&amp;gt;">
      <![CDATA[com.alibaba.fastjson.JSONException: syntax error, pos 1, json : <!doctype html><html lang="en"><head><title>HTTP Status 500 – Internal Server Error</title><style type="text/css">h1 {font-family:Tahoma,Arial,sans-serif;color:white;background-color:#525D76;font-size:22px;} h2 {font-family:Tahoma,Arial,sans-serif;color:white;background-color:#525D76;font-size:16px;} h3 {font-family:Tahoma,Arial,sans-serif;color:white;background-color:#525D76;font-size:14px;} body {font-family:Tahoma,Arial,sans-serif;color:black;background-color:white;} b {font-family:Tahoma,Arial,sans-serif;color:white;background-color:#525D76;} p {font-family:Tahoma,Arial,sans-serif;background:white;color:black;font-size:12px;} a {color:black;} a.name {color:black;} .line {height:1px;background-color:#525D76;border:none;}</style></head><body><h1>HTTP Status 500 – Internal Server Error</h1><hr class="line" /><p><b>Type</b> Exception Report</p><p><b>Message</b> Request processing failed; nested exception is java.lang.NullPointerException</p><p><b>Description</b> The server encountered an unexpected condition that prevented it from fulfilling the request.</p><p><b>Exception</b></p><pre>org.springframework.web.util.NestedServletException: Request processing failed; nested exception is java.lang.NullPointerException
	org.springframework.web.servlet.FrameworkServlet.processRequest(FrameworkServlet.java:982)
	org.springframework.web.servlet.FrameworkServlet.doPost(FrameworkServlet.java:872)
	javax.servlet.http.HttpServlet.service(HttpServlet.java:661)
	org.springframework.web.servlet.FrameworkServlet.service(FrameworkServlet.java:846)
	javax.servlet.http.HttpServlet.service(HttpServlet.java:742)
	org.apache.tomcat.websocket.server.WsFilter.doFilter(WsFilter.java:52)
	org.springframework.web.filter.CharacterEncodingFilter.doFilterInternal(CharacterEncodingFilter.java:197)
	org.springframework.web.filter.OncePerRequestFilter.doFilter(OncePerRequestFilter.java:107)
</pre><p><b>Root Cause</b></p><pre>java.lang.NullPointerException
	com.jandy.Service.Impl.UserServiceImpl.UserNameType(UserServiceImpl.java:39)
	com.jandy.Service.Impl.UserServiceImpl.getValidationUser(UserServiceImpl.java:102)
	com.jandy.controller.DAdminController.Login(DAdminController.java:124)
	org.springframework.web.method.support.InvocableHandlerMethod.doInvoke(InvocableHandlerMethod.java:205)
	org.springframework.web.method.support.InvocableHandlerMethod.invokeForRequest(InvocableHandlerMethod.java:133)
	org.springframework.web.servlet.mvc.method.annotation.ServletInvocableHandlerMethod.invokeAndHandle(ServletInvocableHandlerMethod.java:116)
	org.springframework.web.servlet.mvc.method.annotation.RequestMappingHandlerAdapter.invokeHandlerMethod(RequestMappingHandlerAdapter.java:827)
	org.springframework.web.servlet.mvc.method.annotation.RequestMappingHandlerAdapter.handleInternal(RequestMappingHandlerAdapter.java:738)
	org.springframework.web.servlet.mvc.method.AbstractHandlerMethodAdapter.handle(AbstractHandlerMethodAdapter.java:85)
	org.springframework.web.servlet.DispatcherServlet.doDispatch(DispatcherServlet.java:963)
	org.springframework.web.servlet.DispatcherServlet.doService(DispatcherServlet.java:897)
	org.springframework.web.servlet.FrameworkServlet.processRequest(FrameworkServlet.java:970)
	org.springframework.web.servlet.FrameworkServlet.doPost(FrameworkServlet.java:872)
	javax.servlet.http.HttpServlet.service(HttpServlet.java:661)
	org.springframework.web.servlet.FrameworkServlet.service(FrameworkServlet.java:846)
	javax.servlet.http.HttpServlet.service(HttpServlet.java:742)
	org.apache.tomcat.websocket.server.WsFilter.doFilter(WsFilter.java:52)
	org.springframework.web.filter.CharacterEncodingFilter.doFilterInternal(CharacterEncodingFilter.java:197)
	org.springframework.web.filter.OncePerRequestFilter.doFilter(OncePerRequestFilter.java:107)
</pre><p><b>Note</b> The full stack trace of the root cause is available in the server logs.</p><hr class="line" /><h3>Apache Tomcat/8.5.31</h3></body></html>
	at com.alibaba.fastjson.parser.DefaultJSONParser.parse(DefaultJSONParser.java:1394)
	at com.alibaba.fastjson.parser.DefaultJSONParser.parse(DefaultJSONParser.java:1301)
	at com.alibaba.fastjson.JSON.parse(JSON.java:148)
	at com.alibaba.fastjson.JSON.parse(JSON.java:139)
	at com.alibaba.fastjson.JSONPath.read(JSONPath.java:425)
	at com.ydm.api_autotest.TestBase.getBuildValue(TestBase.java:164)
	at com.ydm.api_autotest.TestBase.verifyResult(TestBase.java:144)
	at com.ydm.api_autotest.ApiTest.apiTest(ApiTest.java:187)
	at com.ydm.api_autotest.ApiAutotestApplicationTests.main(ApiAutotestApplicationTests.java:29)
... Removed 24 stack frames]]>
    </failure>
  </testcase> <!-- apiTest -->
  <testcase name="apiTest" time="2.622" classname="com.ydm.api_autotest.ApiTest">
    <failure type="java.lang.AssertionError" message="验证预期结果失败。 expected [6] but found [1]">
      <![CDATA[java.lang.AssertionError: 验证预期结果失败。 expected [6] but found [1]
	at com.ydm.api_autotest.TestBase.verifyResult(TestBase.java:148)
	at com.ydm.api_autotest.ApiTest.apiTest(ApiTest.java:187)
	at com.ydm.api_autotest.ApiAutotestApplicationTests.main(ApiAutotestApplicationTests.java:29)
... Removed 25 stack frames]]>
    </failure>
  </testcase> <!-- apiTest -->
  <testcase name="apiTest" time="0.187" classname="com.ydm.api_autotest.ApiTest">
    <failure type="com.alibaba.fastjson.JSONException" message="syntax error, pos 1, json : &amp;lt;!doctype html&amp;gt;&amp;lt;html lang=&amp;quot;en&amp;quot;&amp;gt;&amp;lt;head&amp;gt;&amp;lt;title&amp;gt;HTTP Status 500 – Internal Server Error&amp;lt;/title&amp;gt;&amp;lt;style type=&amp;quot;text/css&amp;quot;&amp;gt;h1 {font-family:Tahoma,Arial,sans-serif;color:white;background-color:#525D76;font-size:22px;} h2 {font-family:Tahoma,Arial,sans-serif;color:white;background-color:#525D76;font-size:16px;} h3 {font-family:Tahoma,Arial,sans-serif;color:white;background-color:#525D76;font-size:14px;} body {font-family:Tahoma,Arial,sans-serif;color:black;background-color:white;} b {font-family:Tahoma,Arial,sans-serif;color:white;background-color:#525D76;} p {font-family:Tahoma,Arial,sans-serif;background:white;color:black;font-size:12px;} a {color:black;} a.name {color:black;} .line {height:1px;background-color:#525D76;border:none;}&amp;lt;/style&amp;gt;&amp;lt;/head&amp;gt;&amp;lt;body&amp;gt;&amp;lt;h1&amp;gt;HTTP Status 500 – Internal Server Error&amp;lt;/h1&amp;gt;&amp;lt;hr class=&amp;quot;line&amp;quot; /&amp;gt;&amp;lt;p&amp;gt;&amp;lt;b&amp;gt;Type&amp;lt;/b&amp;gt; Exception Report&amp;lt;/p&amp;gt;&amp;lt;p&amp;gt;&amp;lt;b&amp;gt;Message&amp;lt;/b&amp;gt; Request processing failed; nested exception is java.lang.NullPointerException&amp;lt;/p&amp;gt;&amp;lt;p&amp;gt;&amp;lt;b&amp;gt;Description&amp;lt;/b&amp;gt; The server encountered an unexpected condition that prevented it from fulfilling the request.&amp;lt;/p&amp;gt;&amp;lt;p&amp;gt;&amp;lt;b&amp;gt;Exception&amp;lt;/b&amp;gt;&amp;lt;/p&amp;gt;&amp;lt;pre&amp;gt;org.springframework.web.util.NestedServletException: Request processing failed; nested exception is java.lang.NullPointerException
	org.springframework.web.servlet.FrameworkServlet.processRequest(FrameworkServlet.java:982)
	org.springframework.web.servlet.FrameworkServlet.doPost(FrameworkServlet.java:872)
	javax.servlet.http.HttpServlet.service(HttpServlet.java:661)
	org.springframework.web.servlet.FrameworkServlet.service(FrameworkServlet.java:846)
	javax.servlet.http.HttpServlet.service(HttpServlet.java:742)
	org.apache.tomcat.websocket.server.WsFilter.doFilter(WsFilter.java:52)
	org.springframework.web.filter.CharacterEncodingFilter.doFilterInternal(CharacterEncodingFilter.java:197)
	org.springframework.web.filter.OncePerRequestFilter.doFilter(OncePerRequestFilter.java:107)
&amp;lt;/pre&amp;gt;&amp;lt;p&amp;gt;&amp;lt;b&amp;gt;Root Cause&amp;lt;/b&amp;gt;&amp;lt;/p&amp;gt;&amp;lt;pre&amp;gt;java.lang.NullPointerException
	com.jandy.Service.Impl.UserServiceImpl.UserNameType(UserServiceImpl.java:39)
	com.jandy.Service.Impl.UserServiceImpl.getValidationUser(UserServiceImpl.java:102)
	com.jandy.controller.UserController.SendCodeT(UserController.java:156)
	sun.reflect.GeneratedMethodAccessor134.invoke(Unknown Source)
	sun.reflect.DelegatingMethodAccessorImpl.invoke(DelegatingMethodAccessorImpl.java:43)
	java.lang.reflect.Method.invoke(Method.java:498)
	org.springframework.web.method.support.InvocableHandlerMethod.doInvoke(InvocableHandlerMethod.java:205)
	org.springframework.web.method.support.InvocableHandlerMethod.invokeForRequest(InvocableHandlerMethod.java:133)
	org.springframework.web.servlet.mvc.method.annotation.ServletInvocableHandlerMethod.invokeAndHandle(ServletInvocableHandlerMethod.java:116)
	org.springframework.web.servlet.mvc.method.annotation.RequestMappingHandlerAdapter.invokeHandlerMethod(RequestMappingHandlerAdapter.java:827)
	org.springframework.web.servlet.mvc.method.annotation.RequestMappingHandlerAdapter.handleInternal(RequestMappingHandlerAdapter.java:738)
	org.springframework.web.servlet.mvc.method.AbstractHandlerMethodAdapter.handle(AbstractHandlerMethodAdapter.java:85)
	org.springframework.web.servlet.DispatcherServlet.doDispatch(DispatcherServlet.java:963)
	org.springframework.web.servlet.DispatcherServlet.doService(DispatcherServlet.java:897)
	org.springframework.web.servlet.FrameworkServlet.processRequest(FrameworkServlet.java:970)
	org.springframework.web.servlet.FrameworkServlet.doPost(FrameworkServlet.java:872)
	javax.servlet.http.HttpServlet.service(HttpServlet.java:661)
	org.springframework.web.servlet.FrameworkServlet.service(FrameworkServlet.java:846)
	javax.servlet.http.HttpServlet.service(HttpServlet.java:742)
	org.apache.tomcat.websocket.server.WsFilter.doFilter(WsFilter.java:52)
	org.springframework.web.filter.CharacterEncodingFilter.doFilterInternal(CharacterEncodingFilter.java:197)
	org.springframework.web.filter.OncePerRequestFilter.doFilter(OncePerRequestFilter.java:107)
&amp;lt;/pre&amp;gt;&amp;lt;p&amp;gt;&amp;lt;b&amp;gt;Note&amp;lt;/b&amp;gt; The full stack trace of the root cause is available in the server logs.&amp;lt;/p&amp;gt;&amp;lt;hr class=&amp;quot;line&amp;quot; /&amp;gt;&amp;lt;h3&amp;gt;Apache Tomcat/8.5.31&amp;lt;/h3&amp;gt;&amp;lt;/body&amp;gt;&amp;lt;/html&amp;gt;">
      <![CDATA[com.alibaba.fastjson.JSONException: syntax error, pos 1, json : <!doctype html><html lang="en"><head><title>HTTP Status 500 – Internal Server Error</title><style type="text/css">h1 {font-family:Tahoma,Arial,sans-serif;color:white;background-color:#525D76;font-size:22px;} h2 {font-family:Tahoma,Arial,sans-serif;color:white;background-color:#525D76;font-size:16px;} h3 {font-family:Tahoma,Arial,sans-serif;color:white;background-color:#525D76;font-size:14px;} body {font-family:Tahoma,Arial,sans-serif;color:black;background-color:white;} b {font-family:Tahoma,Arial,sans-serif;color:white;background-color:#525D76;} p {font-family:Tahoma,Arial,sans-serif;background:white;color:black;font-size:12px;} a {color:black;} a.name {color:black;} .line {height:1px;background-color:#525D76;border:none;}</style></head><body><h1>HTTP Status 500 – Internal Server Error</h1><hr class="line" /><p><b>Type</b> Exception Report</p><p><b>Message</b> Request processing failed; nested exception is java.lang.NullPointerException</p><p><b>Description</b> The server encountered an unexpected condition that prevented it from fulfilling the request.</p><p><b>Exception</b></p><pre>org.springframework.web.util.NestedServletException: Request processing failed; nested exception is java.lang.NullPointerException
	org.springframework.web.servlet.FrameworkServlet.processRequest(FrameworkServlet.java:982)
	org.springframework.web.servlet.FrameworkServlet.doPost(FrameworkServlet.java:872)
	javax.servlet.http.HttpServlet.service(HttpServlet.java:661)
	org.springframework.web.servlet.FrameworkServlet.service(FrameworkServlet.java:846)
	javax.servlet.http.HttpServlet.service(HttpServlet.java:742)
	org.apache.tomcat.websocket.server.WsFilter.doFilter(WsFilter.java:52)
	org.springframework.web.filter.CharacterEncodingFilter.doFilterInternal(CharacterEncodingFilter.java:197)
	org.springframework.web.filter.OncePerRequestFilter.doFilter(OncePerRequestFilter.java:107)
</pre><p><b>Root Cause</b></p><pre>java.lang.NullPointerException
	com.jandy.Service.Impl.UserServiceImpl.UserNameType(UserServiceImpl.java:39)
	com.jandy.Service.Impl.UserServiceImpl.getValidationUser(UserServiceImpl.java:102)
	com.jandy.controller.UserController.SendCodeT(UserController.java:156)
	org.springframework.web.method.support.InvocableHandlerMethod.doInvoke(InvocableHandlerMethod.java:205)
	org.springframework.web.method.support.InvocableHandlerMethod.invokeForRequest(InvocableHandlerMethod.java:133)
	org.springframework.web.servlet.mvc.method.annotation.ServletInvocableHandlerMethod.invokeAndHandle(ServletInvocableHandlerMethod.java:116)
	org.springframework.web.servlet.mvc.method.annotation.RequestMappingHandlerAdapter.invokeHandlerMethod(RequestMappingHandlerAdapter.java:827)
	org.springframework.web.servlet.mvc.method.annotation.RequestMappingHandlerAdapter.handleInternal(RequestMappingHandlerAdapter.java:738)
	org.springframework.web.servlet.mvc.method.AbstractHandlerMethodAdapter.handle(AbstractHandlerMethodAdapter.java:85)
	org.springframework.web.servlet.DispatcherServlet.doDispatch(DispatcherServlet.java:963)
	org.springframework.web.servlet.DispatcherServlet.doService(DispatcherServlet.java:897)
	org.springframework.web.servlet.FrameworkServlet.processRequest(FrameworkServlet.java:970)
	org.springframework.web.servlet.FrameworkServlet.doPost(FrameworkServlet.java:872)
	javax.servlet.http.HttpServlet.service(HttpServlet.java:661)
	org.springframework.web.servlet.FrameworkServlet.service(FrameworkServlet.java:846)
	javax.servlet.http.HttpServlet.service(HttpServlet.java:742)
	org.apache.tomcat.websocket.server.WsFilter.doFilter(WsFilter.java:52)
	org.springframework.web.filter.CharacterEncodingFilter.doFilterInternal(CharacterEncodingFilter.java:197)
	org.springframework.web.filter.OncePerRequestFilter.doFilter(OncePerRequestFilter.java:107)
</pre><p><b>Note</b> The full stack trace of the root cause is available in the server logs.</p><hr class="line" /><h3>Apache Tomcat/8.5.31</h3></body></html>
	at com.alibaba.fastjson.parser.DefaultJSONParser.parse(DefaultJSONParser.java:1394)
	at com.alibaba.fastjson.parser.DefaultJSONParser.parse(DefaultJSONParser.java:1301)
	at com.alibaba.fastjson.JSON.parse(JSON.java:148)
	at com.alibaba.fastjson.JSON.parse(JSON.java:139)
	at com.alibaba.fastjson.JSONPath.read(JSONPath.java:425)
	at com.ydm.api_autotest.TestBase.getBuildValue(TestBase.java:164)
	at com.ydm.api_autotest.TestBase.verifyResult(TestBase.java:144)
	at com.ydm.api_autotest.ApiTest.apiTest(ApiTest.java:187)
	at com.ydm.api_autotest.ApiAutotestApplicationTests.main(ApiAutotestApplicationTests.java:29)
... Removed 24 stack frames]]>
    </failure>
  </testcase> <!-- apiTest -->
  <testcase name="apiTest" time="0.924" classname="com.ydm.api_autotest.ApiTest">
    <failure type="com.alibaba.fastjson.JSONException" message="syntax error, pos 1, json : &amp;lt;!doctype html&amp;gt;&amp;lt;html lang=&amp;quot;en&amp;quot;&amp;gt;&amp;lt;head&amp;gt;&amp;lt;title&amp;gt;HTTP Status 500 – Internal Server Error&amp;lt;/title&amp;gt;&amp;lt;style type=&amp;quot;text/css&amp;quot;&amp;gt;h1 {font-family:Tahoma,Arial,sans-serif;color:white;background-color:#525D76;font-size:22px;} h2 {font-family:Tahoma,Arial,sans-serif;color:white;background-color:#525D76;font-size:16px;} h3 {font-family:Tahoma,Arial,sans-serif;color:white;background-color:#525D76;font-size:14px;} body {font-family:Tahoma,Arial,sans-serif;color:black;background-color:white;} b {font-family:Tahoma,Arial,sans-serif;color:white;background-color:#525D76;} p {font-family:Tahoma,Arial,sans-serif;background:white;color:black;font-size:12px;} a {color:black;} a.name {color:black;} .line {height:1px;background-color:#525D76;border:none;}&amp;lt;/style&amp;gt;&amp;lt;/head&amp;gt;&amp;lt;body&amp;gt;&amp;lt;h1&amp;gt;HTTP Status 500 – Internal Server Error&amp;lt;/h1&amp;gt;&amp;lt;hr class=&amp;quot;line&amp;quot; /&amp;gt;&amp;lt;p&amp;gt;&amp;lt;b&amp;gt;Type&amp;lt;/b&amp;gt; Exception Report&amp;lt;/p&amp;gt;&amp;lt;p&amp;gt;&amp;lt;b&amp;gt;Message&amp;lt;/b&amp;gt; Request processing failed; nested exception is net.sf.json.JSONException: null object&amp;lt;/p&amp;gt;&amp;lt;p&amp;gt;&amp;lt;b&amp;gt;Description&amp;lt;/b&amp;gt; The server encountered an unexpected condition that prevented it from fulfilling the request.&amp;lt;/p&amp;gt;&amp;lt;p&amp;gt;&amp;lt;b&amp;gt;Exception&amp;lt;/b&amp;gt;&amp;lt;/p&amp;gt;&amp;lt;pre&amp;gt;org.springframework.web.util.NestedServletException: Request processing failed; nested exception is net.sf.json.JSONException: null object
	org.springframework.web.servlet.FrameworkServlet.processRequest(FrameworkServlet.java:982)
	org.springframework.web.servlet.FrameworkServlet.doPost(FrameworkServlet.java:872)
	javax.servlet.http.HttpServlet.service(HttpServlet.java:661)
	org.springframework.web.servlet.FrameworkServlet.service(FrameworkServlet.java:846)
	javax.servlet.http.HttpServlet.service(HttpServlet.java:742)
	org.apache.tomcat.websocket.server.WsFilter.doFilter(WsFilter.java:52)
	org.springframework.web.filter.CharacterEncodingFilter.doFilterInternal(CharacterEncodingFilter.java:197)
	org.springframework.web.filter.OncePerRequestFilter.doFilter(OncePerRequestFilter.java:107)
&amp;lt;/pre&amp;gt;&amp;lt;p&amp;gt;&amp;lt;b&amp;gt;Root Cause&amp;lt;/b&amp;gt;&amp;lt;/p&amp;gt;&amp;lt;pre&amp;gt;net.sf.json.JSONException: null object
	net.sf.json.JSONObject.verifyIsNull(JSONObject.java:2856)
	net.sf.json.JSONObject.getString(JSONObject.java:2172)
	com.jandy.controller.UserController.Login2(UserController.java:301)
	sun.reflect.NativeMethodAccessorImpl.invoke0(Native Method)
	sun.reflect.NativeMethodAccessorImpl.invoke(NativeMethodAccessorImpl.java:62)
	sun.reflect.DelegatingMethodAccessorImpl.invoke(DelegatingMethodAccessorImpl.java:43)
	java.lang.reflect.Method.invoke(Method.java:498)
	org.springframework.web.method.support.InvocableHandlerMethod.doInvoke(InvocableHandlerMethod.java:205)
	org.springframework.web.method.support.InvocableHandlerMethod.invokeForRequest(InvocableHandlerMethod.java:133)
	org.springframework.web.servlet.mvc.method.annotation.ServletInvocableHandlerMethod.invokeAndHandle(ServletInvocableHandlerMethod.java:116)
	org.springframework.web.servlet.mvc.method.annotation.RequestMappingHandlerAdapter.invokeHandlerMethod(RequestMappingHandlerAdapter.java:827)
	org.springframework.web.servlet.mvc.method.annotation.RequestMappingHandlerAdapter.handleInternal(RequestMappingHandlerAdapter.java:738)
	org.springframework.web.servlet.mvc.method.AbstractHandlerMethodAdapter.handle(AbstractHandlerMethodAdapter.java:85)
	org.springframework.web.servlet.DispatcherServlet.doDispatch(DispatcherServlet.java:963)
	org.springframework.web.servlet.DispatcherServlet.doService(DispatcherServlet.java:897)
	org.springframework.web.servlet.FrameworkServlet.processRequest(FrameworkServlet.java:970)
	org.springframework.web.servlet.FrameworkServlet.doPost(FrameworkServlet.java:872)
	javax.servlet.http.HttpServlet.service(HttpServlet.java:661)
	org.springframework.web.servlet.FrameworkServlet.service(FrameworkServlet.java:846)
	javax.servlet.http.HttpServlet.service(HttpServlet.java:742)
	org.apache.tomcat.websocket.server.WsFilter.doFilter(WsFilter.java:52)
	org.springframework.web.filter.CharacterEncodingFilter.doFilterInternal(CharacterEncodingFilter.java:197)
	org.springframework.web.filter.OncePerRequestFilter.doFilter(OncePerRequestFilter.java:107)
&amp;lt;/pre&amp;gt;&amp;lt;p&amp;gt;&amp;lt;b&amp;gt;Note&amp;lt;/b&amp;gt; The full stack trace of the root cause is available in the server logs.&amp;lt;/p&amp;gt;&amp;lt;hr class=&amp;quot;line&amp;quot; /&amp;gt;&amp;lt;h3&amp;gt;Apache Tomcat/8.5.31&amp;lt;/h3&amp;gt;&amp;lt;/body&amp;gt;&amp;lt;/html&amp;gt;">
      <![CDATA[com.alibaba.fastjson.JSONException: syntax error, pos 1, json : <!doctype html><html lang="en"><head><title>HTTP Status 500 – Internal Server Error</title><style type="text/css">h1 {font-family:Tahoma,Arial,sans-serif;color:white;background-color:#525D76;font-size:22px;} h2 {font-family:Tahoma,Arial,sans-serif;color:white;background-color:#525D76;font-size:16px;} h3 {font-family:Tahoma,Arial,sans-serif;color:white;background-color:#525D76;font-size:14px;} body {font-family:Tahoma,Arial,sans-serif;color:black;background-color:white;} b {font-family:Tahoma,Arial,sans-serif;color:white;background-color:#525D76;} p {font-family:Tahoma,Arial,sans-serif;background:white;color:black;font-size:12px;} a {color:black;} a.name {color:black;} .line {height:1px;background-color:#525D76;border:none;}</style></head><body><h1>HTTP Status 500 – Internal Server Error</h1><hr class="line" /><p><b>Type</b> Exception Report</p><p><b>Message</b> Request processing failed; nested exception is net.sf.json.JSONException: null object</p><p><b>Description</b> The server encountered an unexpected condition that prevented it from fulfilling the request.</p><p><b>Exception</b></p><pre>org.springframework.web.util.NestedServletException: Request processing failed; nested exception is net.sf.json.JSONException: null object
	org.springframework.web.servlet.FrameworkServlet.processRequest(FrameworkServlet.java:982)
	org.springframework.web.servlet.FrameworkServlet.doPost(FrameworkServlet.java:872)
	javax.servlet.http.HttpServlet.service(HttpServlet.java:661)
	org.springframework.web.servlet.FrameworkServlet.service(FrameworkServlet.java:846)
	javax.servlet.http.HttpServlet.service(HttpServlet.java:742)
	org.apache.tomcat.websocket.server.WsFilter.doFilter(WsFilter.java:52)
	org.springframework.web.filter.CharacterEncodingFilter.doFilterInternal(CharacterEncodingFilter.java:197)
	org.springframework.web.filter.OncePerRequestFilter.doFilter(OncePerRequestFilter.java:107)
</pre><p><b>Root Cause</b></p><pre>net.sf.json.JSONException: null object
	net.sf.json.JSONObject.verifyIsNull(JSONObject.java:2856)
	net.sf.json.JSONObject.getString(JSONObject.java:2172)
	com.jandy.controller.UserController.Login2(UserController.java:301)
	org.springframework.web.method.support.InvocableHandlerMethod.doInvoke(InvocableHandlerMethod.java:205)
	org.springframework.web.method.support.InvocableHandlerMethod.invokeForRequest(InvocableHandlerMethod.java:133)
	org.springframework.web.servlet.mvc.method.annotation.ServletInvocableHandlerMethod.invokeAndHandle(ServletInvocableHandlerMethod.java:116)
	org.springframework.web.servlet.mvc.method.annotation.RequestMappingHandlerAdapter.invokeHandlerMethod(RequestMappingHandlerAdapter.java:827)
	org.springframework.web.servlet.mvc.method.annotation.RequestMappingHandlerAdapter.handleInternal(RequestMappingHandlerAdapter.java:738)
	org.springframework.web.servlet.mvc.method.AbstractHandlerMethodAdapter.handle(AbstractHandlerMethodAdapter.java:85)
	org.springframework.web.servlet.DispatcherServlet.doDispatch(DispatcherServlet.java:963)
	org.springframework.web.servlet.DispatcherServlet.doService(DispatcherServlet.java:897)
	org.springframework.web.servlet.FrameworkServlet.processRequest(FrameworkServlet.java:970)
	org.springframework.web.servlet.FrameworkServlet.doPost(FrameworkServlet.java:872)
	javax.servlet.http.HttpServlet.service(HttpServlet.java:661)
	org.springframework.web.servlet.FrameworkServlet.service(FrameworkServlet.java:846)
	javax.servlet.http.HttpServlet.service(HttpServlet.java:742)
	org.apache.tomcat.websocket.server.WsFilter.doFilter(WsFilter.java:52)
	org.springframework.web.filter.CharacterEncodingFilter.doFilterInternal(CharacterEncodingFilter.java:197)
	org.springframework.web.filter.OncePerRequestFilter.doFilter(OncePerRequestFilter.java:107)
</pre><p><b>Note</b> The full stack trace of the root cause is available in the server logs.</p><hr class="line" /><h3>Apache Tomcat/8.5.31</h3></body></html>
	at com.alibaba.fastjson.parser.DefaultJSONParser.parse(DefaultJSONParser.java:1394)
	at com.alibaba.fastjson.parser.DefaultJSONParser.parse(DefaultJSONParser.java:1301)
	at com.alibaba.fastjson.JSON.parse(JSON.java:148)
	at com.alibaba.fastjson.JSON.parse(JSON.java:139)
	at com.alibaba.fastjson.JSONPath.read(JSONPath.java:425)
	at com.ydm.api_autotest.TestBase.getBuildValue(TestBase.java:164)
	at com.ydm.api_autotest.TestBase.verifyResult(TestBase.java:144)
	at com.ydm.api_autotest.ApiTest.apiTest(ApiTest.java:187)
	at com.ydm.api_autotest.ApiAutotestApplicationTests.main(ApiAutotestApplicationTests.java:29)
... Removed 25 stack frames]]>
    </failure>
  </testcase> <!-- apiTest -->
  <testcase name="apiTest" time="0.093" classname="com.ydm.api_autotest.ApiTest"/>
  <testcase name="apiTest" time="0.041" classname="com.ydm.api_autotest.ApiTest"/>
</testsuite> <!-- 自动化测试用例 -->
