<?xml version="1.0" encoding="UTF-8"?>
<testng-results skipped="0" failed="5" total="10" passed="5">
  <reporter-output>
    <line>
      <![CDATA[1556072536681====api config path:C:\Users\dell\IdeaProjects\api_autotest\api-config.xml]]>
    </line>
    <line>
      <![CDATA[1556072537738====--- test start ---]]>
    </line>
    <line>
      <![CDATA[1556072537738====method:get]]>
    </line>
    <line>
      <![CDATA[1556072537738====url:https://blog.qinsy.cn/DAdmin/loginadmin.do?name=1@qq.com&password=21232f297a57a5a743894a0e4a801fc3]]>
    </line>
    <line>
      <![CDATA[1556072537738====param:]]>
    </line>
    <line>
      <![CDATA[1556072540821====返回状态码：200]]>
    </line>
    <line>
      <![CDATA[1556072540825====resp:{"msg":"登陆成功！!","state":"0","token":"5389bd42e38f63aaa023fd6e63a05832"}]]>
    </line>
    <line>
      <![CDATA[1556072540825====验证数据：$.state=0]]>
    </line>
    <line>
      <![CDATA[1556072540897====验证转换后的值0=0]]>
    </line>
    <line>
      <![CDATA[1556072540899====存储公共参数   first_state值为：0.]]>
    </line>
    <line>
      <![CDATA[1556072540899====存储公共参数   first_token值为：5389bd42e38f63aaa023fd6e63a05832.]]>
    </line>
    <line>
      <![CDATA[1556072540899====--- test start ---]]>
    </line>
    <line>
      <![CDATA[1556072540899====method:get]]>
    </line>
    <line>
      <![CDATA[1556072540899====url:https://blog.qinsy.cn/DAdmin/loginadmin.do?name=1@qq.com&password=123]]>
    </line>
    <line>
      <![CDATA[1556072540899====param:]]>
    </line>
    <line>
      <![CDATA[1556072543179====返回状态码：200]]>
    </line>
    <line>
      <![CDATA[1556072543180====resp:{"msg":"密码错误!","state":"1","token":""}]]>
    </line>
    <line>
      <![CDATA[1556072543180====验证数据：$.state=1]]>
    </line>
    <line>
      <![CDATA[1556072543181====验证转换后的值1=1]]>
    </line>
    <line>
      <![CDATA[1556072543182====--- test start ---]]>
    </line>
    <line>
      <![CDATA[1556072543182====method:get]]>
    </line>
    <line>
      <![CDATA[1556072543182====url:https://blog.qinsy.cn/DAdmin/loginadmin.do?name=111111111111@qq.com&password=123]]>
    </line>
    <line>
      <![CDATA[1556072543182====param:]]>
    </line>
    <line>
      <![CDATA[1556072545796====返回状态码：200]]>
    </line>
    <line>
      <![CDATA[1556072545797====resp:{"msg":"登陆失败-账号不存在！","state":"6","token":""}]]>
    </line>
    <line>
      <![CDATA[1556072545798====验证数据：$.state=6]]>
    </line>
    <line>
      <![CDATA[1556072545798====验证转换后的值6=6]]>
    </line>
    <line>
      <![CDATA[1556072545799====--- test start ---]]>
    </line>
    <line>
      <![CDATA[1556072545799====method:post]]>
    </line>
    <line>
      <![CDATA[1556072545799====url:https://blog.qinsy.cn/DAdmin/loginadmin.do]]>
    </line>
    <line>
      <![CDATA[1556072545799====param:name=111111111111@qq.com&password=123]]>
    </line>
    <line>
      <![CDATA[1556072545992====返回状态码：500]]>
    </line>
    <line>
      <![CDATA[1556072545995====resp:<!doctype html><html lang="en"><head><title>HTTP Status 500 – Internal Server Error</title><style type="text/css">h1 {font-family:Tahoma,Arial,sans-serif;color:white;background-color:#525D76;font-size:22px;} h2 {font-family:Tahoma,Arial,sans-serif;color:white;background-color:#525D76;font-size:16px;} h3 {font-family:Tahoma,Arial,sans-serif;color:white;background-color:#525D76;font-size:14px;} body {font-family:Tahoma,Arial,sans-serif;color:black;background-color:white;} b {font-family:Tahoma,Arial,sans-serif;color:white;background-color:#525D76;} p {font-family:Tahoma,Arial,sans-serif;background:white;color:black;font-size:12px;} a {color:black;} a.name {color:black;} .line {height:1px;background-color:#525D76;border:none;}</style></head><body><h1>HTTP Status 500 – Internal Server Error</h1><hr class="line" /><p><b>Type</b> Exception Report</p><p><b>Message</b> Request processing failed; nested exception is java.lang.NullPointerException</p><p><b>Description</b> The server encountered an unexpected condition that prevented it from fulfilling the request.</p><p><b>Exception</b></p><pre>org.springframework.web.util.NestedServletException: Request processing failed; nested exception is java.lang.NullPointerException
	org.springframework.web.servlet.FrameworkServlet.processRequest(FrameworkServlet.java:982)
	org.springframework.web.servlet.FrameworkServlet.doPost(FrameworkServlet.java:872)
	javax.servlet.http.HttpServlet.service(HttpServlet.java:661)
	org.springframework.web.servlet.FrameworkServlet.service(FrameworkServlet.java:846)
	javax.servlet.http.HttpServlet.service(HttpServlet.java:742)
	org.apache.tomcat.websocket.server.WsFilter.doFilter(WsFilter.java:52)
	org.springframework.web.filter.CharacterEncodingFilter.doFilterInternal(CharacterEncodingFilter.java:197)
	org.springframework.web.filter.OncePerRequestFilter.doFilter(OncePerRequestFilter.java:107)
</pre><p><b>Root Cause</b></p><pre>java.lang.NullPointerException
	com.jandy.Service.Impl.UserServiceImpl.UserNameType(UserServiceImpl.java:39)
	com.jandy.Service.Impl.UserServiceImpl.getValidationUser(UserServiceImpl.java:102)
	com.jandy.controller.DAdminController.Login(DAdminController.java:124)
	sun.reflect.GeneratedMethodAccessor99.invoke(Unknown Source)
	sun.reflect.DelegatingMethodAccessorImpl.invoke(DelegatingMethodAccessorImpl.java:43)
	java.lang.reflect.Method.invoke(Method.java:498)
	org.springframework.web.method.support.InvocableHandlerMethod.doInvoke(InvocableHandlerMethod.java:205)
	org.springframework.web.method.support.InvocableHandlerMethod.invokeForRequest(InvocableHandlerMethod.java:133)
	org.springframework.web.servlet.mvc.method.annotation.ServletInvocableHandlerMethod.invokeAndHandle(ServletInvocableHandlerMethod.java:116)
	org.springframework.web.servlet.mvc.method.annotation.RequestMappingHandlerAdapter.invokeHandlerMethod(RequestMappingHandlerAdapter.java:827)
	org.springframework.web.servlet.mvc.method.annotation.RequestMappingHandlerAdapter.handleInternal(RequestMappingHandlerAdapter.java:738)
	org.springframework.web.servlet.mvc.method.AbstractHandlerMethodAdapter.handle(AbstractHandlerMethodAdapter.java:85)
	org.springframework.web.servlet.DispatcherServlet.doDispatch(DispatcherServlet.java:963)
	org.springframework.web.servlet.DispatcherServlet.doService(DispatcherServlet.java:897)
	org.springframework.web.servlet.FrameworkServlet.processRequest(FrameworkServlet.java:970)
	org.springframework.web.servlet.FrameworkServlet.doPost(FrameworkServlet.java:872)
	javax.servlet.http.HttpServlet.service(HttpServlet.java:661)
	org.springframework.web.servlet.FrameworkServlet.service(FrameworkServlet.java:846)
	javax.servlet.http.HttpServlet.service(HttpServlet.java:742)
	org.apache.tomcat.websocket.server.WsFilter.doFilter(WsFilter.java:52)
	org.springframework.web.filter.CharacterEncodingFilter.doFilterInternal(CharacterEncodingFilter.java:197)
	org.springframework.web.filter.OncePerRequestFilter.doFilter(OncePerRequestFilter.java:107)
</pre><p><b>Note</b> The full stack trace of the root cause is available in the server logs.</p><hr class="line" /><h3>Apache Tomcat/8.5.31</h3></body></html>]]>
    </line>
    <line>
      <![CDATA[1556072545996====验证数据：$.state=1]]>
    </line>
    <line>
      <![CDATA[1556072545997====--- test start ---]]>
    </line>
    <line>
      <![CDATA[1556072545997====method:post]]>
    </line>
    <line>
      <![CDATA[1556072545997====url:https://blog.qinsy.cn/DAdmin/loginadmin.do]]>
    </line>
    <line>
      <![CDATA[1556072545997====param:{"name":"1@qq.com","password":"00"}]]>
    </line>
    <line>
      <![CDATA[1556072546923====返回状态码：500]]>
    </line>
    <line>
      <![CDATA[1556072546927====resp:<!doctype html><html lang="en"><head><title>HTTP Status 500 – Internal Server Error</title><style type="text/css">h1 {font-family:Tahoma,Arial,sans-serif;color:white;background-color:#525D76;font-size:22px;} h2 {font-family:Tahoma,Arial,sans-serif;color:white;background-color:#525D76;font-size:16px;} h3 {font-family:Tahoma,Arial,sans-serif;color:white;background-color:#525D76;font-size:14px;} body {font-family:Tahoma,Arial,sans-serif;color:black;background-color:white;} b {font-family:Tahoma,Arial,sans-serif;color:white;background-color:#525D76;} p {font-family:Tahoma,Arial,sans-serif;background:white;color:black;font-size:12px;} a {color:black;} a.name {color:black;} .line {height:1px;background-color:#525D76;border:none;}</style></head><body><h1>HTTP Status 500 – Internal Server Error</h1><hr class="line" /><p><b>Type</b> Exception Report</p><p><b>Message</b> Request processing failed; nested exception is java.lang.NullPointerException</p><p><b>Description</b> The server encountered an unexpected condition that prevented it from fulfilling the request.</p><p><b>Exception</b></p><pre>org.springframework.web.util.NestedServletException: Request processing failed; nested exception is java.lang.NullPointerException
	org.springframework.web.servlet.FrameworkServlet.processRequest(FrameworkServlet.java:982)
	org.springframework.web.servlet.FrameworkServlet.doPost(FrameworkServlet.java:872)
	javax.servlet.http.HttpServlet.service(HttpServlet.java:661)
	org.springframework.web.servlet.FrameworkServlet.service(FrameworkServlet.java:846)
	javax.servlet.http.HttpServlet.service(HttpServlet.java:742)
	org.apache.tomcat.websocket.server.WsFilter.doFilter(WsFilter.java:52)
	org.springframework.web.filter.CharacterEncodingFilter.doFilterInternal(CharacterEncodingFilter.java:197)
	org.springframework.web.filter.OncePerRequestFilter.doFilter(OncePerRequestFilter.java:107)
</pre><p><b>Root Cause</b></p><pre>java.lang.NullPointerException
	com.jandy.Service.Impl.UserServiceImpl.UserNameType(UserServiceImpl.java:39)
	com.jandy.Service.Impl.UserServiceImpl.getValidationUser(UserServiceImpl.java:102)
	com.jandy.controller.DAdminController.Login(DAdminController.java:124)
	sun.reflect.GeneratedMethodAccessor99.invoke(Unknown Source)
	sun.reflect.DelegatingMethodAccessorImpl.invoke(DelegatingMethodAccessorImpl.java:43)
	java.lang.reflect.Method.invoke(Method.java:498)
	org.springframework.web.method.support.InvocableHandlerMethod.doInvoke(InvocableHandlerMethod.java:205)
	org.springframework.web.method.support.InvocableHandlerMethod.invokeForRequest(InvocableHandlerMethod.java:133)
	org.springframework.web.servlet.mvc.method.annotation.ServletInvocableHandlerMethod.invokeAndHandle(ServletInvocableHandlerMethod.java:116)
	org.springframework.web.servlet.mvc.method.annotation.RequestMappingHandlerAdapter.invokeHandlerMethod(RequestMappingHandlerAdapter.java:827)
	org.springframework.web.servlet.mvc.method.annotation.RequestMappingHandlerAdapter.handleInternal(RequestMappingHandlerAdapter.java:738)
	org.springframework.web.servlet.mvc.method.AbstractHandlerMethodAdapter.handle(AbstractHandlerMethodAdapter.java:85)
	org.springframework.web.servlet.DispatcherServlet.doDispatch(DispatcherServlet.java:963)
	org.springframework.web.servlet.DispatcherServlet.doService(DispatcherServlet.java:897)
	org.springframework.web.servlet.FrameworkServlet.processRequest(FrameworkServlet.java:970)
	org.springframework.web.servlet.FrameworkServlet.doPost(FrameworkServlet.java:872)
	javax.servlet.http.HttpServlet.service(HttpServlet.java:661)
	org.springframework.web.servlet.FrameworkServlet.service(FrameworkServlet.java:846)
	javax.servlet.http.HttpServlet.service(HttpServlet.java:742)
	org.apache.tomcat.websocket.server.WsFilter.doFilter(WsFilter.java:52)
	org.springframework.web.filter.CharacterEncodingFilter.doFilterInternal(CharacterEncodingFilter.java:197)
	org.springframework.web.filter.OncePerRequestFilter.doFilter(OncePerRequestFilter.java:107)
</pre><p><b>Note</b> The full stack trace of the root cause is available in the server logs.</p><hr class="line" /><h3>Apache Tomcat/8.5.31</h3></body></html>]]>
    </line>
    <line>
      <![CDATA[1556072546929====验证数据：$.state=6]]>
    </line>
    <line>
      <![CDATA[1556072546929====--- test start ---]]>
    </line>
    <line>
      <![CDATA[1556072546930====method:post]]>
    </line>
    <line>
      <![CDATA[1556072546930====url:https://blog.qinsy.cn/DAdmin/loginadmin.do?name=1@qq.com&password=123]]>
    </line>
    <line>
      <![CDATA[1556072546930====param:{"name":"1@qq.com","password":"00"}]]>
    </line>
    <line>
      <![CDATA[1556072549548====返回状态码：200]]>
    </line>
    <line>
      <![CDATA[1556072549549====resp:{"msg":"密码错误!","state":"1","token":""}]]>
    </line>
    <line>
      <![CDATA[1556072549549====验证数据：$.state=6]]>
    </line>
    <line>
      <![CDATA[1556072549549====验证转换后的值1=6]]>
    </line>
    <line>
      <![CDATA[1556072549551====--- test start ---]]>
    </line>
    <line>
      <![CDATA[1556072549551====method:post]]>
    </line>
    <line>
      <![CDATA[1556072549551====url:https://blog.qinsy.cn/SendCodeT.do]]>
    </line>
    <line>
      <![CDATA[1556072549551====param:{"name":"1@qq.com","password":"00"}]]>
    </line>
    <line>
      <![CDATA[1556072549735====返回状态码：500]]>
    </line>
    <line>
      <![CDATA[1556072549737====resp:<!doctype html><html lang="en"><head><title>HTTP Status 500 – Internal Server Error</title><style type="text/css">h1 {font-family:Tahoma,Arial,sans-serif;color:white;background-color:#525D76;font-size:22px;} h2 {font-family:Tahoma,Arial,sans-serif;color:white;background-color:#525D76;font-size:16px;} h3 {font-family:Tahoma,Arial,sans-serif;color:white;background-color:#525D76;font-size:14px;} body {font-family:Tahoma,Arial,sans-serif;color:black;background-color:white;} b {font-family:Tahoma,Arial,sans-serif;color:white;background-color:#525D76;} p {font-family:Tahoma,Arial,sans-serif;background:white;color:black;font-size:12px;} a {color:black;} a.name {color:black;} .line {height:1px;background-color:#525D76;border:none;}</style></head><body><h1>HTTP Status 500 – Internal Server Error</h1><hr class="line" /><p><b>Type</b> Exception Report</p><p><b>Message</b> Request processing failed; nested exception is java.lang.NullPointerException</p><p><b>Description</b> The server encountered an unexpected condition that prevented it from fulfilling the request.</p><p><b>Exception</b></p><pre>org.springframework.web.util.NestedServletException: Request processing failed; nested exception is java.lang.NullPointerException
	org.springframework.web.servlet.FrameworkServlet.processRequest(FrameworkServlet.java:982)
	org.springframework.web.servlet.FrameworkServlet.doPost(FrameworkServlet.java:872)
	javax.servlet.http.HttpServlet.service(HttpServlet.java:661)
	org.springframework.web.servlet.FrameworkServlet.service(FrameworkServlet.java:846)
	javax.servlet.http.HttpServlet.service(HttpServlet.java:742)
	org.apache.tomcat.websocket.server.WsFilter.doFilter(WsFilter.java:52)
	org.springframework.web.filter.CharacterEncodingFilter.doFilterInternal(CharacterEncodingFilter.java:197)
	org.springframework.web.filter.OncePerRequestFilter.doFilter(OncePerRequestFilter.java:107)
</pre><p><b>Root Cause</b></p><pre>java.lang.NullPointerException
	com.jandy.Service.Impl.UserServiceImpl.UserNameType(UserServiceImpl.java:39)
	com.jandy.Service.Impl.UserServiceImpl.getValidationUser(UserServiceImpl.java:102)
	com.jandy.controller.UserController.SendCodeT(UserController.java:156)
	sun.reflect.GeneratedMethodAccessor134.invoke(Unknown Source)
	sun.reflect.DelegatingMethodAccessorImpl.invoke(DelegatingMethodAccessorImpl.java:43)
	java.lang.reflect.Method.invoke(Method.java:498)
	org.springframework.web.method.support.InvocableHandlerMethod.doInvoke(InvocableHandlerMethod.java:205)
	org.springframework.web.method.support.InvocableHandlerMethod.invokeForRequest(InvocableHandlerMethod.java:133)
	org.springframework.web.servlet.mvc.method.annotation.ServletInvocableHandlerMethod.invokeAndHandle(ServletInvocableHandlerMethod.java:116)
	org.springframework.web.servlet.mvc.method.annotation.RequestMappingHandlerAdapter.invokeHandlerMethod(RequestMappingHandlerAdapter.java:827)
	org.springframework.web.servlet.mvc.method.annotation.RequestMappingHandlerAdapter.handleInternal(RequestMappingHandlerAdapter.java:738)
	org.springframework.web.servlet.mvc.method.AbstractHandlerMethodAdapter.handle(AbstractHandlerMethodAdapter.java:85)
	org.springframework.web.servlet.DispatcherServlet.doDispatch(DispatcherServlet.java:963)
	org.springframework.web.servlet.DispatcherServlet.doService(DispatcherServlet.java:897)
	org.springframework.web.servlet.FrameworkServlet.processRequest(FrameworkServlet.java:970)
	org.springframework.web.servlet.FrameworkServlet.doPost(FrameworkServlet.java:872)
	javax.servlet.http.HttpServlet.service(HttpServlet.java:661)
	org.springframework.web.servlet.FrameworkServlet.service(FrameworkServlet.java:846)
	javax.servlet.http.HttpServlet.service(HttpServlet.java:742)
	org.apache.tomcat.websocket.server.WsFilter.doFilter(WsFilter.java:52)
	org.springframework.web.filter.CharacterEncodingFilter.doFilterInternal(CharacterEncodingFilter.java:197)
	org.springframework.web.filter.OncePerRequestFilter.doFilter(OncePerRequestFilter.java:107)
</pre><p><b>Note</b> The full stack trace of the root cause is available in the server logs.</p><hr class="line" /><h3>Apache Tomcat/8.5.31</h3></body></html>]]>
    </line>
    <line>
      <![CDATA[1556072549738====验证数据：$.state=5]]>
    </line>
    <line>
      <![CDATA[1556072549738====--- test start ---]]>
    </line>
    <line>
      <![CDATA[1556072549738====method:post]]>
    </line>
    <line>
      <![CDATA[1556072549738====url:https://blog.qinsy.cn/login2.do]]>
    </line>
    <line>
      <![CDATA[1556072549739====param:{"username":"1@qq.com","password":"00"}]]>
    </line>
    <line>
      <![CDATA[1556072550659====返回状态码：500]]>
    </line>
    <line>
      <![CDATA[1556072550662====resp:<!doctype html><html lang="en"><head><title>HTTP Status 500 – Internal Server Error</title><style type="text/css">h1 {font-family:Tahoma,Arial,sans-serif;color:white;background-color:#525D76;font-size:22px;} h2 {font-family:Tahoma,Arial,sans-serif;color:white;background-color:#525D76;font-size:16px;} h3 {font-family:Tahoma,Arial,sans-serif;color:white;background-color:#525D76;font-size:14px;} body {font-family:Tahoma,Arial,sans-serif;color:black;background-color:white;} b {font-family:Tahoma,Arial,sans-serif;color:white;background-color:#525D76;} p {font-family:Tahoma,Arial,sans-serif;background:white;color:black;font-size:12px;} a {color:black;} a.name {color:black;} .line {height:1px;background-color:#525D76;border:none;}</style></head><body><h1>HTTP Status 500 – Internal Server Error</h1><hr class="line" /><p><b>Type</b> Exception Report</p><p><b>Message</b> Request processing failed; nested exception is net.sf.json.JSONException: null object</p><p><b>Description</b> The server encountered an unexpected condition that prevented it from fulfilling the request.</p><p><b>Exception</b></p><pre>org.springframework.web.util.NestedServletException: Request processing failed; nested exception is net.sf.json.JSONException: null object
	org.springframework.web.servlet.FrameworkServlet.processRequest(FrameworkServlet.java:982)
	org.springframework.web.servlet.FrameworkServlet.doPost(FrameworkServlet.java:872)
	javax.servlet.http.HttpServlet.service(HttpServlet.java:661)
	org.springframework.web.servlet.FrameworkServlet.service(FrameworkServlet.java:846)
	javax.servlet.http.HttpServlet.service(HttpServlet.java:742)
	org.apache.tomcat.websocket.server.WsFilter.doFilter(WsFilter.java:52)
	org.springframework.web.filter.CharacterEncodingFilter.doFilterInternal(CharacterEncodingFilter.java:197)
	org.springframework.web.filter.OncePerRequestFilter.doFilter(OncePerRequestFilter.java:107)
</pre><p><b>Root Cause</b></p><pre>net.sf.json.JSONException: null object
	net.sf.json.JSONObject.verifyIsNull(JSONObject.java:2856)
	net.sf.json.JSONObject.getString(JSONObject.java:2172)
	com.jandy.controller.UserController.Login2(UserController.java:301)
	sun.reflect.NativeMethodAccessorImpl.invoke0(Native Method)
	sun.reflect.NativeMethodAccessorImpl.invoke(NativeMethodAccessorImpl.java:62)
	sun.reflect.DelegatingMethodAccessorImpl.invoke(DelegatingMethodAccessorImpl.java:43)
	java.lang.reflect.Method.invoke(Method.java:498)
	org.springframework.web.method.support.InvocableHandlerMethod.doInvoke(InvocableHandlerMethod.java:205)
	org.springframework.web.method.support.InvocableHandlerMethod.invokeForRequest(InvocableHandlerMethod.java:133)
	org.springframework.web.servlet.mvc.method.annotation.ServletInvocableHandlerMethod.invokeAndHandle(ServletInvocableHandlerMethod.java:116)
	org.springframework.web.servlet.mvc.method.annotation.RequestMappingHandlerAdapter.invokeHandlerMethod(RequestMappingHandlerAdapter.java:827)
	org.springframework.web.servlet.mvc.method.annotation.RequestMappingHandlerAdapter.handleInternal(RequestMappingHandlerAdapter.java:738)
	org.springframework.web.servlet.mvc.method.AbstractHandlerMethodAdapter.handle(AbstractHandlerMethodAdapter.java:85)
	org.springframework.web.servlet.DispatcherServlet.doDispatch(DispatcherServlet.java:963)
	org.springframework.web.servlet.DispatcherServlet.doService(DispatcherServlet.java:897)
	org.springframework.web.servlet.FrameworkServlet.processRequest(FrameworkServlet.java:970)
	org.springframework.web.servlet.FrameworkServlet.doPost(FrameworkServlet.java:872)
	javax.servlet.http.HttpServlet.service(HttpServlet.java:661)
	org.springframework.web.servlet.FrameworkServlet.service(FrameworkServlet.java:846)
	javax.servlet.http.HttpServlet.service(HttpServlet.java:742)
	org.apache.tomcat.websocket.server.WsFilter.doFilter(WsFilter.java:52)
	org.springframework.web.filter.CharacterEncodingFilter.doFilterInternal(CharacterEncodingFilter.java:197)
	org.springframework.web.filter.OncePerRequestFilter.doFilter(OncePerRequestFilter.java:107)
</pre><p><b>Note</b> The full stack trace of the root cause is available in the server logs.</p><hr class="line" /><h3>Apache Tomcat/8.5.31</h3></body></html>]]>
    </line>
    <line>
      <![CDATA[1556072550662====验证数据：$.state=5]]>
    </line>
    <line>
      <![CDATA[1556072550662====--- test start ---]]>
    </line>
    <line>
      <![CDATA[1556072550663====method:post]]>
    </line>
    <line>
      <![CDATA[1556072550663====url:http://coolaf.com/tool/params]]>
    </line>
    <line>
      <![CDATA[1556072550663====param:p=ptest&p=test2]]>
    </line>
    <line>
      <![CDATA[1556072550755====返回状态码：200]]>
    </line>
    <line>
      <![CDATA[1556072550755====resp:request params
GET:
POST:


Header:
Connection:[upgrade]
Content-Length:[15]
Content-Type:[application/json]
User-Agent:[Apache-HttpClient/4.5.8 (Java/1.8.0_131)]
X-Forwarded-For:[183.49.47.160]
X-Real-Ip:[183.49.47.160]
]]>
    </line>
    <line>
      <![CDATA[1556072550755====--- test start ---]]>
    </line>
    <line>
      <![CDATA[1556072550755====method:post]]>
    </line>
    <line>
      <![CDATA[1556072550755====url:http://coolaf.com/tool/params]]>
    </line>
    <line>
      <![CDATA[1556072550755====param:{"p":"ptest","p":"test2"}]]>
    </line>
    <line>
      <![CDATA[1556072550795====返回状态码：200]]>
    </line>
    <line>
      <![CDATA[1556072550795====resp:request params
GET:
POST:
cookie:cook=cook;

Header:
Content-Length:[25]
Content-Type:[application/json]
User-Agent:[Apache-HttpClient/4.5.8 (Java/1.8.0_131)]
Cookie:[cook=cook]
X-Forwarded-For:[183.49.47.160]
X-Real-Ip:[183.49.47.160]
Connection:[upgrade]
]]>
    </line>
  </reporter-output>
  <suite name="接口自动化测试" duration-ms="13511" started-at="2019-04-24T02:22:17Z" finished-at="2019-04-24T02:22:30Z">
    <groups>
    </groups>
    <test name="自动化测试用例" duration-ms="13511" started-at="2019-04-24T02:22:17Z" finished-at="2019-04-24T02:22:30Z">
      <class name="com.ydm.api_autotest.ApiTest">
        <test-method status="PASS" signature="init(java.lang.String)[pri:0, instance:com.ydm.api_autotest.ApiTest@d041cf]" name="init" is-config="true" duration-ms="639" started-at="2019-04-24T10:22:16Z" finished-at="2019-04-24T10:22:17Z">
          <params>
            <param index="0">
              <value>
                <![CDATA[api-config.xml]]>
              </value>
            </param>
          </params>
          <reporter-output>
            <line>
              <![CDATA[1556072536681====api config path:C:\Users\dell\IdeaProjects\api_autotest\api-config.xml]]>
            </line>
          </reporter-output>
        </test-method> <!-- init -->
        <test-method status="PASS" signature="readData(java.lang.String, java.lang.String)[pri:0, instance:com.ydm.api_autotest.ApiTest@d041cf]" name="readData" is-config="true" duration-ms="444" started-at="2019-04-24T10:22:17Z" finished-at="2019-04-24T10:22:17Z">
          <params>
            <param index="0">
              <value>
                <![CDATA[case/api-data.xls]]>
              </value>
            </param>
            <param index="1">
              <value>
                <![CDATA[Sheet1]]>
              </value>
            </param>
          </params>
          <reporter-output>
          </reporter-output>
        </test-method> <!-- readData -->
        <test-method status="PASS" signature="apiTest(com.ydm.api_autotest.beans.ApiDataBean)[pri:0, instance:com.ydm.api_autotest.ApiTest@d041cf]" name="apiTest" duration-ms="3161" started-at="2019-04-24T10:22:17Z" data-provider="apiDatas" finished-at="2019-04-24T10:22:20Z">
          <params>
            <param index="0">
              <value>
                <![CDATA[desc:登录接口,method:get,url:/DAdmin/loginadmin.do?name=1@qq.com&password=21232f297a57a5a743894a0e4a801fc3,param:]]>
              </value>
            </param>
          </params>
          <reporter-output>
            <line>
              <![CDATA[1556072537738====--- test start ---]]>
            </line>
            <line>
              <![CDATA[1556072537738====method:get]]>
            </line>
            <line>
              <![CDATA[1556072537738====url:https://blog.qinsy.cn/DAdmin/loginadmin.do?name=1@qq.com&password=21232f297a57a5a743894a0e4a801fc3]]>
            </line>
            <line>
              <![CDATA[1556072537738====param:]]>
            </line>
            <line>
              <![CDATA[1556072540821====返回状态码：200]]>
            </line>
            <line>
              <![CDATA[1556072540825====resp:{"msg":"登陆成功！!","state":"0","token":"5389bd42e38f63aaa023fd6e63a05832"}]]>
            </line>
            <line>
              <![CDATA[1556072540825====验证数据：$.state=0]]>
            </line>
            <line>
              <![CDATA[1556072540897====验证转换后的值0=0]]>
            </line>
            <line>
              <![CDATA[1556072540899====存储公共参数   first_state值为：0.]]>
            </line>
            <line>
              <![CDATA[1556072540899====存储公共参数   first_token值为：5389bd42e38f63aaa023fd6e63a05832.]]>
            </line>
          </reporter-output>
        </test-method> <!-- apiTest -->
        <test-method status="PASS" signature="apiTest(com.ydm.api_autotest.beans.ApiDataBean)[pri:0, instance:com.ydm.api_autotest.ApiTest@d041cf]" name="apiTest" duration-ms="2282" started-at="2019-04-24T10:22:20Z" data-provider="apiDatas" finished-at="2019-04-24T10:22:23Z">
          <params>
            <param index="0">
              <value>
                <![CDATA[desc:登录接口,method:get,url:/DAdmin/loginadmin.do?name=1@qq.com&password=123,param:]]>
              </value>
            </param>
          </params>
          <reporter-output>
            <line>
              <![CDATA[1556072540899====--- test start ---]]>
            </line>
            <line>
              <![CDATA[1556072540899====method:get]]>
            </line>
            <line>
              <![CDATA[1556072540899====url:https://blog.qinsy.cn/DAdmin/loginadmin.do?name=1@qq.com&password=123]]>
            </line>
            <line>
              <![CDATA[1556072540899====param:]]>
            </line>
            <line>
              <![CDATA[1556072543179====返回状态码：200]]>
            </line>
            <line>
              <![CDATA[1556072543180====resp:{"msg":"密码错误!","state":"1","token":""}]]>
            </line>
            <line>
              <![CDATA[1556072543180====验证数据：$.state=1]]>
            </line>
            <line>
              <![CDATA[1556072543181====验证转换后的值1=1]]>
            </line>
          </reporter-output>
        </test-method> <!-- apiTest -->
        <test-method status="PASS" signature="apiTest(com.ydm.api_autotest.beans.ApiDataBean)[pri:0, instance:com.ydm.api_autotest.ApiTest@d041cf]" name="apiTest" duration-ms="2617" started-at="2019-04-24T10:22:23Z" data-provider="apiDatas" finished-at="2019-04-24T10:22:25Z">
          <params>
            <param index="0">
              <value>
                <![CDATA[desc:登录接口,method:get,url:/DAdmin/loginadmin.do?name=111111111111@qq.com&password=123,param:]]>
              </value>
            </param>
          </params>
          <reporter-output>
            <line>
              <![CDATA[1556072543182====--- test start ---]]>
            </line>
            <line>
              <![CDATA[1556072543182====method:get]]>
            </line>
            <line>
              <![CDATA[1556072543182====url:https://blog.qinsy.cn/DAdmin/loginadmin.do?name=111111111111@qq.com&password=123]]>
            </line>
            <line>
              <![CDATA[1556072543182====param:]]>
            </line>
            <line>
              <![CDATA[1556072545796====返回状态码：200]]>
            </line>
            <line>
              <![CDATA[1556072545797====resp:{"msg":"登陆失败-账号不存在！","state":"6","token":""}]]>
            </line>
            <line>
              <![CDATA[1556072545798====验证数据：$.state=6]]>
            </line>
            <line>
              <![CDATA[1556072545798====验证转换后的值6=6]]>
            </line>
          </reporter-output>
        </test-method> <!-- apiTest -->
        <test-method status="FAIL" signature="apiTest(com.ydm.api_autotest.beans.ApiDataBean)[pri:0, instance:com.ydm.api_autotest.ApiTest@d041cf]" name="apiTest" duration-ms="197" started-at="2019-04-24T10:22:25Z" data-provider="apiDatas" finished-at="2019-04-24T10:22:25Z">
          <params>
            <param index="0">
              <value>
                <![CDATA[desc:登录接口post,method:post,url:https://blog.qinsy.cn/DAdmin/loginadmin.do,param:name=111111111111@qq.com&password=123]]>
              </value>
            </param>
          </params>
          <exception class="com.alibaba.fastjson.JSONException">
            <message>
              <![CDATA[syntax error, pos 1, json : <!doctype html><html lang="en"><head><title>HTTP Status 500 – Internal Server Error</title><style type="text/css">h1 {font-family:Tahoma,Arial,sans-serif;color:white;background-color:#525D76;font-size:22px;} h2 {font-family:Tahoma,Arial,sans-serif;color:white;background-color:#525D76;font-size:16px;} h3 {font-family:Tahoma,Arial,sans-serif;color:white;background-color:#525D76;font-size:14px;} body {font-family:Tahoma,Arial,sans-serif;color:black;background-color:white;} b {font-family:Tahoma,Arial,sans-serif;color:white;background-color:#525D76;} p {font-family:Tahoma,Arial,sans-serif;background:white;color:black;font-size:12px;} a {color:black;} a.name {color:black;} .line {height:1px;background-color:#525D76;border:none;}</style></head><body><h1>HTTP Status 500 – Internal Server Error</h1><hr class="line" /><p><b>Type</b> Exception Report</p><p><b>Message</b> Request processing failed; nested exception is java.lang.NullPointerException</p><p><b>Description</b> The server encountered an unexpected condition that prevented it from fulfilling the request.</p><p><b>Exception</b></p><pre>org.springframework.web.util.NestedServletException: Request processing failed; nested exception is java.lang.NullPointerException
	org.springframework.web.servlet.FrameworkServlet.processRequest(FrameworkServlet.java:982)
	org.springframework.web.servlet.FrameworkServlet.doPost(FrameworkServlet.java:872)
	javax.servlet.http.HttpServlet.service(HttpServlet.java:661)
	org.springframework.web.servlet.FrameworkServlet.service(FrameworkServlet.java:846)
	javax.servlet.http.HttpServlet.service(HttpServlet.java:742)
	org.apache.tomcat.websocket.server.WsFilter.doFilter(WsFilter.java:52)
	org.springframework.web.filter.CharacterEncodingFilter.doFilterInternal(CharacterEncodingFilter.java:197)
	org.springframework.web.filter.OncePerRequestFilter.doFilter(OncePerRequestFilter.java:107)
</pre><p><b>Root Cause</b></p><pre>java.lang.NullPointerException
	com.jandy.Service.Impl.UserServiceImpl.UserNameType(UserServiceImpl.java:39)
	com.jandy.Service.Impl.UserServiceImpl.getValidationUser(UserServiceImpl.java:102)
	com.jandy.controller.DAdminController.Login(DAdminController.java:124)
	sun.reflect.GeneratedMethodAccessor99.invoke(Unknown Source)
	sun.reflect.DelegatingMethodAccessorImpl.invoke(DelegatingMethodAccessorImpl.java:43)
	java.lang.reflect.Method.invoke(Method.java:498)
	org.springframework.web.method.support.InvocableHandlerMethod.doInvoke(InvocableHandlerMethod.java:205)
	org.springframework.web.method.support.InvocableHandlerMethod.invokeForRequest(InvocableHandlerMethod.java:133)
	org.springframework.web.servlet.mvc.method.annotation.ServletInvocableHandlerMethod.invokeAndHandle(ServletInvocableHandlerMethod.java:116)
	org.springframework.web.servlet.mvc.method.annotation.RequestMappingHandlerAdapter.invokeHandlerMethod(RequestMappingHandlerAdapter.java:827)
	org.springframework.web.servlet.mvc.method.annotation.RequestMappingHandlerAdapter.handleInternal(RequestMappingHandlerAdapter.java:738)
	org.springframework.web.servlet.mvc.method.AbstractHandlerMethodAdapter.handle(AbstractHandlerMethodAdapter.java:85)
	org.springframework.web.servlet.DispatcherServlet.doDispatch(DispatcherServlet.java:963)
	org.springframework.web.servlet.DispatcherServlet.doService(DispatcherServlet.java:897)
	org.springframework.web.servlet.FrameworkServlet.processRequest(FrameworkServlet.java:970)
	org.springframework.web.servlet.FrameworkServlet.doPost(FrameworkServlet.java:872)
	javax.servlet.http.HttpServlet.service(HttpServlet.java:661)
	org.springframework.web.servlet.FrameworkServlet.service(FrameworkServlet.java:846)
	javax.servlet.http.HttpServlet.service(HttpServlet.java:742)
	org.apache.tomcat.websocket.server.WsFilter.doFilter(WsFilter.java:52)
	org.springframework.web.filter.CharacterEncodingFilter.doFilterInternal(CharacterEncodingFilter.java:197)
	org.springframework.web.filter.OncePerRequestFilter.doFilter(OncePerRequestFilter.java:107)
</pre><p><b>Note</b> The full stack trace of the root cause is available in the server logs.</p><hr class="line" /><h3>Apache Tomcat/8.5.31</h3></body></html>]]>
            </message>
            <full-stacktrace>
              <![CDATA[com.alibaba.fastjson.JSONException: syntax error, pos 1, json : <!doctype html><html lang="en"><head><title>HTTP Status 500 – Internal Server Error</title><style type="text/css">h1 {font-family:Tahoma,Arial,sans-serif;color:white;background-color:#525D76;font-size:22px;} h2 {font-family:Tahoma,Arial,sans-serif;color:white;background-color:#525D76;font-size:16px;} h3 {font-family:Tahoma,Arial,sans-serif;color:white;background-color:#525D76;font-size:14px;} body {font-family:Tahoma,Arial,sans-serif;color:black;background-color:white;} b {font-family:Tahoma,Arial,sans-serif;color:white;background-color:#525D76;} p {font-family:Tahoma,Arial,sans-serif;background:white;color:black;font-size:12px;} a {color:black;} a.name {color:black;} .line {height:1px;background-color:#525D76;border:none;}</style></head><body><h1>HTTP Status 500 – Internal Server Error</h1><hr class="line" /><p><b>Type</b> Exception Report</p><p><b>Message</b> Request processing failed; nested exception is java.lang.NullPointerException</p><p><b>Description</b> The server encountered an unexpected condition that prevented it from fulfilling the request.</p><p><b>Exception</b></p><pre>org.springframework.web.util.NestedServletException: Request processing failed; nested exception is java.lang.NullPointerException
	org.springframework.web.servlet.FrameworkServlet.processRequest(FrameworkServlet.java:982)
	org.springframework.web.servlet.FrameworkServlet.doPost(FrameworkServlet.java:872)
	javax.servlet.http.HttpServlet.service(HttpServlet.java:661)
	org.springframework.web.servlet.FrameworkServlet.service(FrameworkServlet.java:846)
	javax.servlet.http.HttpServlet.service(HttpServlet.java:742)
	org.apache.tomcat.websocket.server.WsFilter.doFilter(WsFilter.java:52)
	org.springframework.web.filter.CharacterEncodingFilter.doFilterInternal(CharacterEncodingFilter.java:197)
	org.springframework.web.filter.OncePerRequestFilter.doFilter(OncePerRequestFilter.java:107)
</pre><p><b>Root Cause</b></p><pre>java.lang.NullPointerException
	com.jandy.Service.Impl.UserServiceImpl.UserNameType(UserServiceImpl.java:39)
	com.jandy.Service.Impl.UserServiceImpl.getValidationUser(UserServiceImpl.java:102)
	com.jandy.controller.DAdminController.Login(DAdminController.java:124)
	sun.reflect.GeneratedMethodAccessor99.invoke(Unknown Source)
	sun.reflect.DelegatingMethodAccessorImpl.invoke(DelegatingMethodAccessorImpl.java:43)
	java.lang.reflect.Method.invoke(Method.java:498)
	org.springframework.web.method.support.InvocableHandlerMethod.doInvoke(InvocableHandlerMethod.java:205)
	org.springframework.web.method.support.InvocableHandlerMethod.invokeForRequest(InvocableHandlerMethod.java:133)
	org.springframework.web.servlet.mvc.method.annotation.ServletInvocableHandlerMethod.invokeAndHandle(ServletInvocableHandlerMethod.java:116)
	org.springframework.web.servlet.mvc.method.annotation.RequestMappingHandlerAdapter.invokeHandlerMethod(RequestMappingHandlerAdapter.java:827)
	org.springframework.web.servlet.mvc.method.annotation.RequestMappingHandlerAdapter.handleInternal(RequestMappingHandlerAdapter.java:738)
	org.springframework.web.servlet.mvc.method.AbstractHandlerMethodAdapter.handle(AbstractHandlerMethodAdapter.java:85)
	org.springframework.web.servlet.DispatcherServlet.doDispatch(DispatcherServlet.java:963)
	org.springframework.web.servlet.DispatcherServlet.doService(DispatcherServlet.java:897)
	org.springframework.web.servlet.FrameworkServlet.processRequest(FrameworkServlet.java:970)
	org.springframework.web.servlet.FrameworkServlet.doPost(FrameworkServlet.java:872)
	javax.servlet.http.HttpServlet.service(HttpServlet.java:661)
	org.springframework.web.servlet.FrameworkServlet.service(FrameworkServlet.java:846)
	javax.servlet.http.HttpServlet.service(HttpServlet.java:742)
	org.apache.tomcat.websocket.server.WsFilter.doFilter(WsFilter.java:52)
	org.springframework.web.filter.CharacterEncodingFilter.doFilterInternal(CharacterEncodingFilter.java:197)
	org.springframework.web.filter.OncePerRequestFilter.doFilter(OncePerRequestFilter.java:107)
</pre><p><b>Note</b> The full stack trace of the root cause is available in the server logs.</p><hr class="line" /><h3>Apache Tomcat/8.5.31</h3></body></html>
	at com.alibaba.fastjson.parser.DefaultJSONParser.parse(DefaultJSONParser.java:1394)
	at com.alibaba.fastjson.parser.DefaultJSONParser.parse(DefaultJSONParser.java:1301)
	at com.alibaba.fastjson.JSON.parse(JSON.java:148)
	at com.alibaba.fastjson.JSON.parse(JSON.java:139)
	at com.alibaba.fastjson.JSONPath.read(JSONPath.java:425)
	at com.ydm.api_autotest.TestBase.getBuildValue(TestBase.java:164)
	at com.ydm.api_autotest.TestBase.verifyResult(TestBase.java:144)
	at com.ydm.api_autotest.ApiTest.apiTest(ApiTest.java:187)
	at sun.reflect.NativeMethodAccessorImpl.invoke0(Native Method)
	at sun.reflect.NativeMethodAccessorImpl.invoke(NativeMethodAccessorImpl.java:62)
	at sun.reflect.DelegatingMethodAccessorImpl.invoke(DelegatingMethodAccessorImpl.java:43)
	at java.lang.reflect.Method.invoke(Method.java:498)
	at org.testng.internal.MethodInvocationHelper.invokeMethod(MethodInvocationHelper.java:80)
	at org.testng.internal.Invoker.invokeMethod(Invoker.java:714)
	at org.testng.internal.Invoker.invokeTestMethod(Invoker.java:901)
	at org.testng.internal.Invoker.invokeTestMethods(Invoker.java:1231)
	at org.testng.internal.TestMethodWorker.invokeTestMethods(TestMethodWorker.java:127)
	at org.testng.internal.TestMethodWorker.run(TestMethodWorker.java:111)
	at org.testng.TestRunner.privateRun(TestRunner.java:767)
	at org.testng.TestRunner.run(TestRunner.java:617)
	at org.testng.SuiteRunner.runTest(SuiteRunner.java:334)
	at org.testng.SuiteRunner.runSequentially(SuiteRunner.java:329)
	at org.testng.SuiteRunner.privateRun(SuiteRunner.java:291)
	at org.testng.SuiteRunner.run(SuiteRunner.java:240)
	at org.testng.SuiteRunnerWorker.runSuite(SuiteRunnerWorker.java:52)
	at org.testng.SuiteRunnerWorker.run(SuiteRunnerWorker.java:86)
	at org.testng.TestNG.runSuitesSequentially(TestNG.java:1198)
	at org.testng.TestNG.runSuitesLocally(TestNG.java:1123)
	at org.testng.TestNG.run(TestNG.java:1031)
	at com.ydm.api_autotest.ApiAutotestApplicationTests.main(ApiAutotestApplicationTests.java:29)
]]>
            </full-stacktrace>
          </exception> <!-- com.alibaba.fastjson.JSONException -->
          <reporter-output>
            <line>
              <![CDATA[1556072545799====--- test start ---]]>
            </line>
            <line>
              <![CDATA[1556072545799====method:post]]>
            </line>
            <line>
              <![CDATA[1556072545799====url:https://blog.qinsy.cn/DAdmin/loginadmin.do]]>
            </line>
            <line>
              <![CDATA[1556072545799====param:name=111111111111@qq.com&password=123]]>
            </line>
            <line>
              <![CDATA[1556072545992====返回状态码：500]]>
            </line>
            <line>
              <![CDATA[1556072545995====resp:<!doctype html><html lang="en"><head><title>HTTP Status 500 – Internal Server Error</title><style type="text/css">h1 {font-family:Tahoma,Arial,sans-serif;color:white;background-color:#525D76;font-size:22px;} h2 {font-family:Tahoma,Arial,sans-serif;color:white;background-color:#525D76;font-size:16px;} h3 {font-family:Tahoma,Arial,sans-serif;color:white;background-color:#525D76;font-size:14px;} body {font-family:Tahoma,Arial,sans-serif;color:black;background-color:white;} b {font-family:Tahoma,Arial,sans-serif;color:white;background-color:#525D76;} p {font-family:Tahoma,Arial,sans-serif;background:white;color:black;font-size:12px;} a {color:black;} a.name {color:black;} .line {height:1px;background-color:#525D76;border:none;}</style></head><body><h1>HTTP Status 500 – Internal Server Error</h1><hr class="line" /><p><b>Type</b> Exception Report</p><p><b>Message</b> Request processing failed; nested exception is java.lang.NullPointerException</p><p><b>Description</b> The server encountered an unexpected condition that prevented it from fulfilling the request.</p><p><b>Exception</b></p><pre>org.springframework.web.util.NestedServletException: Request processing failed; nested exception is java.lang.NullPointerException
	org.springframework.web.servlet.FrameworkServlet.processRequest(FrameworkServlet.java:982)
	org.springframework.web.servlet.FrameworkServlet.doPost(FrameworkServlet.java:872)
	javax.servlet.http.HttpServlet.service(HttpServlet.java:661)
	org.springframework.web.servlet.FrameworkServlet.service(FrameworkServlet.java:846)
	javax.servlet.http.HttpServlet.service(HttpServlet.java:742)
	org.apache.tomcat.websocket.server.WsFilter.doFilter(WsFilter.java:52)
	org.springframework.web.filter.CharacterEncodingFilter.doFilterInternal(CharacterEncodingFilter.java:197)
	org.springframework.web.filter.OncePerRequestFilter.doFilter(OncePerRequestFilter.java:107)
</pre><p><b>Root Cause</b></p><pre>java.lang.NullPointerException
	com.jandy.Service.Impl.UserServiceImpl.UserNameType(UserServiceImpl.java:39)
	com.jandy.Service.Impl.UserServiceImpl.getValidationUser(UserServiceImpl.java:102)
	com.jandy.controller.DAdminController.Login(DAdminController.java:124)
	sun.reflect.GeneratedMethodAccessor99.invoke(Unknown Source)
	sun.reflect.DelegatingMethodAccessorImpl.invoke(DelegatingMethodAccessorImpl.java:43)
	java.lang.reflect.Method.invoke(Method.java:498)
	org.springframework.web.method.support.InvocableHandlerMethod.doInvoke(InvocableHandlerMethod.java:205)
	org.springframework.web.method.support.InvocableHandlerMethod.invokeForRequest(InvocableHandlerMethod.java:133)
	org.springframework.web.servlet.mvc.method.annotation.ServletInvocableHandlerMethod.invokeAndHandle(ServletInvocableHandlerMethod.java:116)
	org.springframework.web.servlet.mvc.method.annotation.RequestMappingHandlerAdapter.invokeHandlerMethod(RequestMappingHandlerAdapter.java:827)
	org.springframework.web.servlet.mvc.method.annotation.RequestMappingHandlerAdapter.handleInternal(RequestMappingHandlerAdapter.java:738)
	org.springframework.web.servlet.mvc.method.AbstractHandlerMethodAdapter.handle(AbstractHandlerMethodAdapter.java:85)
	org.springframework.web.servlet.DispatcherServlet.doDispatch(DispatcherServlet.java:963)
	org.springframework.web.servlet.DispatcherServlet.doService(DispatcherServlet.java:897)
	org.springframework.web.servlet.FrameworkServlet.processRequest(FrameworkServlet.java:970)
	org.springframework.web.servlet.FrameworkServlet.doPost(FrameworkServlet.java:872)
	javax.servlet.http.HttpServlet.service(HttpServlet.java:661)
	org.springframework.web.servlet.FrameworkServlet.service(FrameworkServlet.java:846)
	javax.servlet.http.HttpServlet.service(HttpServlet.java:742)
	org.apache.tomcat.websocket.server.WsFilter.doFilter(WsFilter.java:52)
	org.springframework.web.filter.CharacterEncodingFilter.doFilterInternal(CharacterEncodingFilter.java:197)
	org.springframework.web.filter.OncePerRequestFilter.doFilter(OncePerRequestFilter.java:107)
</pre><p><b>Note</b> The full stack trace of the root cause is available in the server logs.</p><hr class="line" /><h3>Apache Tomcat/8.5.31</h3></body></html>]]>
            </line>
            <line>
              <![CDATA[1556072545996====验证数据：$.state=1]]>
            </line>
          </reporter-output>
        </test-method> <!-- apiTest -->
        <test-method status="FAIL" signature="apiTest(com.ydm.api_autotest.beans.ApiDataBean)[pri:0, instance:com.ydm.api_autotest.ApiTest@d041cf]" name="apiTest" duration-ms="932" started-at="2019-04-24T10:22:25Z" data-provider="apiDatas" finished-at="2019-04-24T10:22:26Z">
          <params>
            <param index="0">
              <value>
                <![CDATA[desc:登录接口,method:post,url:/DAdmin/loginadmin.do,param:{"name":"1@qq.com","password":"00"}]]>
              </value>
            </param>
          </params>
          <exception class="com.alibaba.fastjson.JSONException">
            <message>
              <![CDATA[syntax error, pos 1, json : <!doctype html><html lang="en"><head><title>HTTP Status 500 – Internal Server Error</title><style type="text/css">h1 {font-family:Tahoma,Arial,sans-serif;color:white;background-color:#525D76;font-size:22px;} h2 {font-family:Tahoma,Arial,sans-serif;color:white;background-color:#525D76;font-size:16px;} h3 {font-family:Tahoma,Arial,sans-serif;color:white;background-color:#525D76;font-size:14px;} body {font-family:Tahoma,Arial,sans-serif;color:black;background-color:white;} b {font-family:Tahoma,Arial,sans-serif;color:white;background-color:#525D76;} p {font-family:Tahoma,Arial,sans-serif;background:white;color:black;font-size:12px;} a {color:black;} a.name {color:black;} .line {height:1px;background-color:#525D76;border:none;}</style></head><body><h1>HTTP Status 500 – Internal Server Error</h1><hr class="line" /><p><b>Type</b> Exception Report</p><p><b>Message</b> Request processing failed; nested exception is java.lang.NullPointerException</p><p><b>Description</b> The server encountered an unexpected condition that prevented it from fulfilling the request.</p><p><b>Exception</b></p><pre>org.springframework.web.util.NestedServletException: Request processing failed; nested exception is java.lang.NullPointerException
	org.springframework.web.servlet.FrameworkServlet.processRequest(FrameworkServlet.java:982)
	org.springframework.web.servlet.FrameworkServlet.doPost(FrameworkServlet.java:872)
	javax.servlet.http.HttpServlet.service(HttpServlet.java:661)
	org.springframework.web.servlet.FrameworkServlet.service(FrameworkServlet.java:846)
	javax.servlet.http.HttpServlet.service(HttpServlet.java:742)
	org.apache.tomcat.websocket.server.WsFilter.doFilter(WsFilter.java:52)
	org.springframework.web.filter.CharacterEncodingFilter.doFilterInternal(CharacterEncodingFilter.java:197)
	org.springframework.web.filter.OncePerRequestFilter.doFilter(OncePerRequestFilter.java:107)
</pre><p><b>Root Cause</b></p><pre>java.lang.NullPointerException
	com.jandy.Service.Impl.UserServiceImpl.UserNameType(UserServiceImpl.java:39)
	com.jandy.Service.Impl.UserServiceImpl.getValidationUser(UserServiceImpl.java:102)
	com.jandy.controller.DAdminController.Login(DAdminController.java:124)
	sun.reflect.GeneratedMethodAccessor99.invoke(Unknown Source)
	sun.reflect.DelegatingMethodAccessorImpl.invoke(DelegatingMethodAccessorImpl.java:43)
	java.lang.reflect.Method.invoke(Method.java:498)
	org.springframework.web.method.support.InvocableHandlerMethod.doInvoke(InvocableHandlerMethod.java:205)
	org.springframework.web.method.support.InvocableHandlerMethod.invokeForRequest(InvocableHandlerMethod.java:133)
	org.springframework.web.servlet.mvc.method.annotation.ServletInvocableHandlerMethod.invokeAndHandle(ServletInvocableHandlerMethod.java:116)
	org.springframework.web.servlet.mvc.method.annotation.RequestMappingHandlerAdapter.invokeHandlerMethod(RequestMappingHandlerAdapter.java:827)
	org.springframework.web.servlet.mvc.method.annotation.RequestMappingHandlerAdapter.handleInternal(RequestMappingHandlerAdapter.java:738)
	org.springframework.web.servlet.mvc.method.AbstractHandlerMethodAdapter.handle(AbstractHandlerMethodAdapter.java:85)
	org.springframework.web.servlet.DispatcherServlet.doDispatch(DispatcherServlet.java:963)
	org.springframework.web.servlet.DispatcherServlet.doService(DispatcherServlet.java:897)
	org.springframework.web.servlet.FrameworkServlet.processRequest(FrameworkServlet.java:970)
	org.springframework.web.servlet.FrameworkServlet.doPost(FrameworkServlet.java:872)
	javax.servlet.http.HttpServlet.service(HttpServlet.java:661)
	org.springframework.web.servlet.FrameworkServlet.service(FrameworkServlet.java:846)
	javax.servlet.http.HttpServlet.service(HttpServlet.java:742)
	org.apache.tomcat.websocket.server.WsFilter.doFilter(WsFilter.java:52)
	org.springframework.web.filter.CharacterEncodingFilter.doFilterInternal(CharacterEncodingFilter.java:197)
	org.springframework.web.filter.OncePerRequestFilter.doFilter(OncePerRequestFilter.java:107)
</pre><p><b>Note</b> The full stack trace of the root cause is available in the server logs.</p><hr class="line" /><h3>Apache Tomcat/8.5.31</h3></body></html>]]>
            </message>
            <full-stacktrace>
              <![CDATA[com.alibaba.fastjson.JSONException: syntax error, pos 1, json : <!doctype html><html lang="en"><head><title>HTTP Status 500 – Internal Server Error</title><style type="text/css">h1 {font-family:Tahoma,Arial,sans-serif;color:white;background-color:#525D76;font-size:22px;} h2 {font-family:Tahoma,Arial,sans-serif;color:white;background-color:#525D76;font-size:16px;} h3 {font-family:Tahoma,Arial,sans-serif;color:white;background-color:#525D76;font-size:14px;} body {font-family:Tahoma,Arial,sans-serif;color:black;background-color:white;} b {font-family:Tahoma,Arial,sans-serif;color:white;background-color:#525D76;} p {font-family:Tahoma,Arial,sans-serif;background:white;color:black;font-size:12px;} a {color:black;} a.name {color:black;} .line {height:1px;background-color:#525D76;border:none;}</style></head><body><h1>HTTP Status 500 – Internal Server Error</h1><hr class="line" /><p><b>Type</b> Exception Report</p><p><b>Message</b> Request processing failed; nested exception is java.lang.NullPointerException</p><p><b>Description</b> The server encountered an unexpected condition that prevented it from fulfilling the request.</p><p><b>Exception</b></p><pre>org.springframework.web.util.NestedServletException: Request processing failed; nested exception is java.lang.NullPointerException
	org.springframework.web.servlet.FrameworkServlet.processRequest(FrameworkServlet.java:982)
	org.springframework.web.servlet.FrameworkServlet.doPost(FrameworkServlet.java:872)
	javax.servlet.http.HttpServlet.service(HttpServlet.java:661)
	org.springframework.web.servlet.FrameworkServlet.service(FrameworkServlet.java:846)
	javax.servlet.http.HttpServlet.service(HttpServlet.java:742)
	org.apache.tomcat.websocket.server.WsFilter.doFilter(WsFilter.java:52)
	org.springframework.web.filter.CharacterEncodingFilter.doFilterInternal(CharacterEncodingFilter.java:197)
	org.springframework.web.filter.OncePerRequestFilter.doFilter(OncePerRequestFilter.java:107)
</pre><p><b>Root Cause</b></p><pre>java.lang.NullPointerException
	com.jandy.Service.Impl.UserServiceImpl.UserNameType(UserServiceImpl.java:39)
	com.jandy.Service.Impl.UserServiceImpl.getValidationUser(UserServiceImpl.java:102)
	com.jandy.controller.DAdminController.Login(DAdminController.java:124)
	sun.reflect.GeneratedMethodAccessor99.invoke(Unknown Source)
	sun.reflect.DelegatingMethodAccessorImpl.invoke(DelegatingMethodAccessorImpl.java:43)
	java.lang.reflect.Method.invoke(Method.java:498)
	org.springframework.web.method.support.InvocableHandlerMethod.doInvoke(InvocableHandlerMethod.java:205)
	org.springframework.web.method.support.InvocableHandlerMethod.invokeForRequest(InvocableHandlerMethod.java:133)
	org.springframework.web.servlet.mvc.method.annotation.ServletInvocableHandlerMethod.invokeAndHandle(ServletInvocableHandlerMethod.java:116)
	org.springframework.web.servlet.mvc.method.annotation.RequestMappingHandlerAdapter.invokeHandlerMethod(RequestMappingHandlerAdapter.java:827)
	org.springframework.web.servlet.mvc.method.annotation.RequestMappingHandlerAdapter.handleInternal(RequestMappingHandlerAdapter.java:738)
	org.springframework.web.servlet.mvc.method.AbstractHandlerMethodAdapter.handle(AbstractHandlerMethodAdapter.java:85)
	org.springframework.web.servlet.DispatcherServlet.doDispatch(DispatcherServlet.java:963)
	org.springframework.web.servlet.DispatcherServlet.doService(DispatcherServlet.java:897)
	org.springframework.web.servlet.FrameworkServlet.processRequest(FrameworkServlet.java:970)
	org.springframework.web.servlet.FrameworkServlet.doPost(FrameworkServlet.java:872)
	javax.servlet.http.HttpServlet.service(HttpServlet.java:661)
	org.springframework.web.servlet.FrameworkServlet.service(FrameworkServlet.java:846)
	javax.servlet.http.HttpServlet.service(HttpServlet.java:742)
	org.apache.tomcat.websocket.server.WsFilter.doFilter(WsFilter.java:52)
	org.springframework.web.filter.CharacterEncodingFilter.doFilterInternal(CharacterEncodingFilter.java:197)
	org.springframework.web.filter.OncePerRequestFilter.doFilter(OncePerRequestFilter.java:107)
</pre><p><b>Note</b> The full stack trace of the root cause is available in the server logs.</p><hr class="line" /><h3>Apache Tomcat/8.5.31</h3></body></html>
	at com.alibaba.fastjson.parser.DefaultJSONParser.parse(DefaultJSONParser.java:1394)
	at com.alibaba.fastjson.parser.DefaultJSONParser.parse(DefaultJSONParser.java:1301)
	at com.alibaba.fastjson.JSON.parse(JSON.java:148)
	at com.alibaba.fastjson.JSON.parse(JSON.java:139)
	at com.alibaba.fastjson.JSONPath.read(JSONPath.java:425)
	at com.ydm.api_autotest.TestBase.getBuildValue(TestBase.java:164)
	at com.ydm.api_autotest.TestBase.verifyResult(TestBase.java:144)
	at com.ydm.api_autotest.ApiTest.apiTest(ApiTest.java:187)
	at sun.reflect.NativeMethodAccessorImpl.invoke0(Native Method)
	at sun.reflect.NativeMethodAccessorImpl.invoke(NativeMethodAccessorImpl.java:62)
	at sun.reflect.DelegatingMethodAccessorImpl.invoke(DelegatingMethodAccessorImpl.java:43)
	at java.lang.reflect.Method.invoke(Method.java:498)
	at org.testng.internal.MethodInvocationHelper.invokeMethod(MethodInvocationHelper.java:80)
	at org.testng.internal.Invoker.invokeMethod(Invoker.java:714)
	at org.testng.internal.Invoker.invokeTestMethod(Invoker.java:901)
	at org.testng.internal.Invoker.invokeTestMethods(Invoker.java:1231)
	at org.testng.internal.TestMethodWorker.invokeTestMethods(TestMethodWorker.java:127)
	at org.testng.internal.TestMethodWorker.run(TestMethodWorker.java:111)
	at org.testng.TestRunner.privateRun(TestRunner.java:767)
	at org.testng.TestRunner.run(TestRunner.java:617)
	at org.testng.SuiteRunner.runTest(SuiteRunner.java:334)
	at org.testng.SuiteRunner.runSequentially(SuiteRunner.java:329)
	at org.testng.SuiteRunner.privateRun(SuiteRunner.java:291)
	at org.testng.SuiteRunner.run(SuiteRunner.java:240)
	at org.testng.SuiteRunnerWorker.runSuite(SuiteRunnerWorker.java:52)
	at org.testng.SuiteRunnerWorker.run(SuiteRunnerWorker.java:86)
	at org.testng.TestNG.runSuitesSequentially(TestNG.java:1198)
	at org.testng.TestNG.runSuitesLocally(TestNG.java:1123)
	at org.testng.TestNG.run(TestNG.java:1031)
	at com.ydm.api_autotest.ApiAutotestApplicationTests.main(ApiAutotestApplicationTests.java:29)
]]>
            </full-stacktrace>
          </exception> <!-- com.alibaba.fastjson.JSONException -->
          <reporter-output>
            <line>
              <![CDATA[1556072545997====--- test start ---]]>
            </line>
            <line>
              <![CDATA[1556072545997====method:post]]>
            </line>
            <line>
              <![CDATA[1556072545997====url:https://blog.qinsy.cn/DAdmin/loginadmin.do]]>
            </line>
            <line>
              <![CDATA[1556072545997====param:{"name":"1@qq.com","password":"00"}]]>
            </line>
            <line>
              <![CDATA[1556072546923====返回状态码：500]]>
            </line>
            <line>
              <![CDATA[1556072546927====resp:<!doctype html><html lang="en"><head><title>HTTP Status 500 – Internal Server Error</title><style type="text/css">h1 {font-family:Tahoma,Arial,sans-serif;color:white;background-color:#525D76;font-size:22px;} h2 {font-family:Tahoma,Arial,sans-serif;color:white;background-color:#525D76;font-size:16px;} h3 {font-family:Tahoma,Arial,sans-serif;color:white;background-color:#525D76;font-size:14px;} body {font-family:Tahoma,Arial,sans-serif;color:black;background-color:white;} b {font-family:Tahoma,Arial,sans-serif;color:white;background-color:#525D76;} p {font-family:Tahoma,Arial,sans-serif;background:white;color:black;font-size:12px;} a {color:black;} a.name {color:black;} .line {height:1px;background-color:#525D76;border:none;}</style></head><body><h1>HTTP Status 500 – Internal Server Error</h1><hr class="line" /><p><b>Type</b> Exception Report</p><p><b>Message</b> Request processing failed; nested exception is java.lang.NullPointerException</p><p><b>Description</b> The server encountered an unexpected condition that prevented it from fulfilling the request.</p><p><b>Exception</b></p><pre>org.springframework.web.util.NestedServletException: Request processing failed; nested exception is java.lang.NullPointerException
	org.springframework.web.servlet.FrameworkServlet.processRequest(FrameworkServlet.java:982)
	org.springframework.web.servlet.FrameworkServlet.doPost(FrameworkServlet.java:872)
	javax.servlet.http.HttpServlet.service(HttpServlet.java:661)
	org.springframework.web.servlet.FrameworkServlet.service(FrameworkServlet.java:846)
	javax.servlet.http.HttpServlet.service(HttpServlet.java:742)
	org.apache.tomcat.websocket.server.WsFilter.doFilter(WsFilter.java:52)
	org.springframework.web.filter.CharacterEncodingFilter.doFilterInternal(CharacterEncodingFilter.java:197)
	org.springframework.web.filter.OncePerRequestFilter.doFilter(OncePerRequestFilter.java:107)
</pre><p><b>Root Cause</b></p><pre>java.lang.NullPointerException
	com.jandy.Service.Impl.UserServiceImpl.UserNameType(UserServiceImpl.java:39)
	com.jandy.Service.Impl.UserServiceImpl.getValidationUser(UserServiceImpl.java:102)
	com.jandy.controller.DAdminController.Login(DAdminController.java:124)
	sun.reflect.GeneratedMethodAccessor99.invoke(Unknown Source)
	sun.reflect.DelegatingMethodAccessorImpl.invoke(DelegatingMethodAccessorImpl.java:43)
	java.lang.reflect.Method.invoke(Method.java:498)
	org.springframework.web.method.support.InvocableHandlerMethod.doInvoke(InvocableHandlerMethod.java:205)
	org.springframework.web.method.support.InvocableHandlerMethod.invokeForRequest(InvocableHandlerMethod.java:133)
	org.springframework.web.servlet.mvc.method.annotation.ServletInvocableHandlerMethod.invokeAndHandle(ServletInvocableHandlerMethod.java:116)
	org.springframework.web.servlet.mvc.method.annotation.RequestMappingHandlerAdapter.invokeHandlerMethod(RequestMappingHandlerAdapter.java:827)
	org.springframework.web.servlet.mvc.method.annotation.RequestMappingHandlerAdapter.handleInternal(RequestMappingHandlerAdapter.java:738)
	org.springframework.web.servlet.mvc.method.AbstractHandlerMethodAdapter.handle(AbstractHandlerMethodAdapter.java:85)
	org.springframework.web.servlet.DispatcherServlet.doDispatch(DispatcherServlet.java:963)
	org.springframework.web.servlet.DispatcherServlet.doService(DispatcherServlet.java:897)
	org.springframework.web.servlet.FrameworkServlet.processRequest(FrameworkServlet.java:970)
	org.springframework.web.servlet.FrameworkServlet.doPost(FrameworkServlet.java:872)
	javax.servlet.http.HttpServlet.service(HttpServlet.java:661)
	org.springframework.web.servlet.FrameworkServlet.service(FrameworkServlet.java:846)
	javax.servlet.http.HttpServlet.service(HttpServlet.java:742)
	org.apache.tomcat.websocket.server.WsFilter.doFilter(WsFilter.java:52)
	org.springframework.web.filter.CharacterEncodingFilter.doFilterInternal(CharacterEncodingFilter.java:197)
	org.springframework.web.filter.OncePerRequestFilter.doFilter(OncePerRequestFilter.java:107)
</pre><p><b>Note</b> The full stack trace of the root cause is available in the server logs.</p><hr class="line" /><h3>Apache Tomcat/8.5.31</h3></body></html>]]>
            </line>
            <line>
              <![CDATA[1556072546929====验证数据：$.state=6]]>
            </line>
          </reporter-output>
        </test-method> <!-- apiTest -->
        <test-method status="FAIL" signature="apiTest(com.ydm.api_autotest.beans.ApiDataBean)[pri:0, instance:com.ydm.api_autotest.ApiTest@d041cf]" name="apiTest" duration-ms="2622" started-at="2019-04-24T10:22:26Z" data-provider="apiDatas" finished-at="2019-04-24T10:22:29Z">
          <params>
            <param index="0">
              <value>
                <![CDATA[desc:登录接口,method:post,url:/DAdmin/loginadmin.do?name=1@qq.com&password=123,param:{"name":"1@qq.com","password":"00"}]]>
              </value>
            </param>
          </params>
          <exception class="java.lang.AssertionError">
            <message>
              <![CDATA[验证预期结果失败。 expected [6] but found [1]]]>
            </message>
            <full-stacktrace>
              <![CDATA[java.lang.AssertionError: 验证预期结果失败。 expected [6] but found [1]
	at org.testng.Assert.fail(Assert.java:94)
	at org.testng.Assert.failNotEquals(Assert.java:494)
	at org.testng.Assert.assertEquals(Assert.java:123)
	at org.testng.Assert.assertEquals(Assert.java:176)
	at com.ydm.api_autotest.TestBase.verifyResult(TestBase.java:148)
	at com.ydm.api_autotest.ApiTest.apiTest(ApiTest.java:187)
	at sun.reflect.NativeMethodAccessorImpl.invoke0(Native Method)
	at sun.reflect.NativeMethodAccessorImpl.invoke(NativeMethodAccessorImpl.java:62)
	at sun.reflect.DelegatingMethodAccessorImpl.invoke(DelegatingMethodAccessorImpl.java:43)
	at java.lang.reflect.Method.invoke(Method.java:498)
	at org.testng.internal.MethodInvocationHelper.invokeMethod(MethodInvocationHelper.java:80)
	at org.testng.internal.Invoker.invokeMethod(Invoker.java:714)
	at org.testng.internal.Invoker.invokeTestMethod(Invoker.java:901)
	at org.testng.internal.Invoker.invokeTestMethods(Invoker.java:1231)
	at org.testng.internal.TestMethodWorker.invokeTestMethods(TestMethodWorker.java:127)
	at org.testng.internal.TestMethodWorker.run(TestMethodWorker.java:111)
	at org.testng.TestRunner.privateRun(TestRunner.java:767)
	at org.testng.TestRunner.run(TestRunner.java:617)
	at org.testng.SuiteRunner.runTest(SuiteRunner.java:334)
	at org.testng.SuiteRunner.runSequentially(SuiteRunner.java:329)
	at org.testng.SuiteRunner.privateRun(SuiteRunner.java:291)
	at org.testng.SuiteRunner.run(SuiteRunner.java:240)
	at org.testng.SuiteRunnerWorker.runSuite(SuiteRunnerWorker.java:52)
	at org.testng.SuiteRunnerWorker.run(SuiteRunnerWorker.java:86)
	at org.testng.TestNG.runSuitesSequentially(TestNG.java:1198)
	at org.testng.TestNG.runSuitesLocally(TestNG.java:1123)
	at org.testng.TestNG.run(TestNG.java:1031)
	at com.ydm.api_autotest.ApiAutotestApplicationTests.main(ApiAutotestApplicationTests.java:29)
]]>
            </full-stacktrace>
          </exception> <!-- java.lang.AssertionError -->
          <reporter-output>
            <line>
              <![CDATA[1556072546929====--- test start ---]]>
            </line>
            <line>
              <![CDATA[1556072546930====method:post]]>
            </line>
            <line>
              <![CDATA[1556072546930====url:https://blog.qinsy.cn/DAdmin/loginadmin.do?name=1@qq.com&password=123]]>
            </line>
            <line>
              <![CDATA[1556072546930====param:{"name":"1@qq.com","password":"00"}]]>
            </line>
            <line>
              <![CDATA[1556072549548====返回状态码：200]]>
            </line>
            <line>
              <![CDATA[1556072549549====resp:{"msg":"密码错误!","state":"1","token":""}]]>
            </line>
            <line>
              <![CDATA[1556072549549====验证数据：$.state=6]]>
            </line>
            <line>
              <![CDATA[1556072549549====验证转换后的值1=6]]>
            </line>
          </reporter-output>
        </test-method> <!-- apiTest -->
        <test-method status="FAIL" signature="apiTest(com.ydm.api_autotest.beans.ApiDataBean)[pri:0, instance:com.ydm.api_autotest.ApiTest@d041cf]" name="apiTest" duration-ms="187" started-at="2019-04-24T10:22:29Z" data-provider="apiDatas" finished-at="2019-04-24T10:22:29Z">
          <params>
            <param index="0">
              <value>
                <![CDATA[desc:验证码接口,method:post,url:/SendCodeT.do,param:{"name":"1@qq.com","password":"00"}]]>
              </value>
            </param>
          </params>
          <exception class="com.alibaba.fastjson.JSONException">
            <message>
              <![CDATA[syntax error, pos 1, json : <!doctype html><html lang="en"><head><title>HTTP Status 500 – Internal Server Error</title><style type="text/css">h1 {font-family:Tahoma,Arial,sans-serif;color:white;background-color:#525D76;font-size:22px;} h2 {font-family:Tahoma,Arial,sans-serif;color:white;background-color:#525D76;font-size:16px;} h3 {font-family:Tahoma,Arial,sans-serif;color:white;background-color:#525D76;font-size:14px;} body {font-family:Tahoma,Arial,sans-serif;color:black;background-color:white;} b {font-family:Tahoma,Arial,sans-serif;color:white;background-color:#525D76;} p {font-family:Tahoma,Arial,sans-serif;background:white;color:black;font-size:12px;} a {color:black;} a.name {color:black;} .line {height:1px;background-color:#525D76;border:none;}</style></head><body><h1>HTTP Status 500 – Internal Server Error</h1><hr class="line" /><p><b>Type</b> Exception Report</p><p><b>Message</b> Request processing failed; nested exception is java.lang.NullPointerException</p><p><b>Description</b> The server encountered an unexpected condition that prevented it from fulfilling the request.</p><p><b>Exception</b></p><pre>org.springframework.web.util.NestedServletException: Request processing failed; nested exception is java.lang.NullPointerException
	org.springframework.web.servlet.FrameworkServlet.processRequest(FrameworkServlet.java:982)
	org.springframework.web.servlet.FrameworkServlet.doPost(FrameworkServlet.java:872)
	javax.servlet.http.HttpServlet.service(HttpServlet.java:661)
	org.springframework.web.servlet.FrameworkServlet.service(FrameworkServlet.java:846)
	javax.servlet.http.HttpServlet.service(HttpServlet.java:742)
	org.apache.tomcat.websocket.server.WsFilter.doFilter(WsFilter.java:52)
	org.springframework.web.filter.CharacterEncodingFilter.doFilterInternal(CharacterEncodingFilter.java:197)
	org.springframework.web.filter.OncePerRequestFilter.doFilter(OncePerRequestFilter.java:107)
</pre><p><b>Root Cause</b></p><pre>java.lang.NullPointerException
	com.jandy.Service.Impl.UserServiceImpl.UserNameType(UserServiceImpl.java:39)
	com.jandy.Service.Impl.UserServiceImpl.getValidationUser(UserServiceImpl.java:102)
	com.jandy.controller.UserController.SendCodeT(UserController.java:156)
	sun.reflect.GeneratedMethodAccessor134.invoke(Unknown Source)
	sun.reflect.DelegatingMethodAccessorImpl.invoke(DelegatingMethodAccessorImpl.java:43)
	java.lang.reflect.Method.invoke(Method.java:498)
	org.springframework.web.method.support.InvocableHandlerMethod.doInvoke(InvocableHandlerMethod.java:205)
	org.springframework.web.method.support.InvocableHandlerMethod.invokeForRequest(InvocableHandlerMethod.java:133)
	org.springframework.web.servlet.mvc.method.annotation.ServletInvocableHandlerMethod.invokeAndHandle(ServletInvocableHandlerMethod.java:116)
	org.springframework.web.servlet.mvc.method.annotation.RequestMappingHandlerAdapter.invokeHandlerMethod(RequestMappingHandlerAdapter.java:827)
	org.springframework.web.servlet.mvc.method.annotation.RequestMappingHandlerAdapter.handleInternal(RequestMappingHandlerAdapter.java:738)
	org.springframework.web.servlet.mvc.method.AbstractHandlerMethodAdapter.handle(AbstractHandlerMethodAdapter.java:85)
	org.springframework.web.servlet.DispatcherServlet.doDispatch(DispatcherServlet.java:963)
	org.springframework.web.servlet.DispatcherServlet.doService(DispatcherServlet.java:897)
	org.springframework.web.servlet.FrameworkServlet.processRequest(FrameworkServlet.java:970)
	org.springframework.web.servlet.FrameworkServlet.doPost(FrameworkServlet.java:872)
	javax.servlet.http.HttpServlet.service(HttpServlet.java:661)
	org.springframework.web.servlet.FrameworkServlet.service(FrameworkServlet.java:846)
	javax.servlet.http.HttpServlet.service(HttpServlet.java:742)
	org.apache.tomcat.websocket.server.WsFilter.doFilter(WsFilter.java:52)
	org.springframework.web.filter.CharacterEncodingFilter.doFilterInternal(CharacterEncodingFilter.java:197)
	org.springframework.web.filter.OncePerRequestFilter.doFilter(OncePerRequestFilter.java:107)
</pre><p><b>Note</b> The full stack trace of the root cause is available in the server logs.</p><hr class="line" /><h3>Apache Tomcat/8.5.31</h3></body></html>]]>
            </message>
            <full-stacktrace>
              <![CDATA[com.alibaba.fastjson.JSONException: syntax error, pos 1, json : <!doctype html><html lang="en"><head><title>HTTP Status 500 – Internal Server Error</title><style type="text/css">h1 {font-family:Tahoma,Arial,sans-serif;color:white;background-color:#525D76;font-size:22px;} h2 {font-family:Tahoma,Arial,sans-serif;color:white;background-color:#525D76;font-size:16px;} h3 {font-family:Tahoma,Arial,sans-serif;color:white;background-color:#525D76;font-size:14px;} body {font-family:Tahoma,Arial,sans-serif;color:black;background-color:white;} b {font-family:Tahoma,Arial,sans-serif;color:white;background-color:#525D76;} p {font-family:Tahoma,Arial,sans-serif;background:white;color:black;font-size:12px;} a {color:black;} a.name {color:black;} .line {height:1px;background-color:#525D76;border:none;}</style></head><body><h1>HTTP Status 500 – Internal Server Error</h1><hr class="line" /><p><b>Type</b> Exception Report</p><p><b>Message</b> Request processing failed; nested exception is java.lang.NullPointerException</p><p><b>Description</b> The server encountered an unexpected condition that prevented it from fulfilling the request.</p><p><b>Exception</b></p><pre>org.springframework.web.util.NestedServletException: Request processing failed; nested exception is java.lang.NullPointerException
	org.springframework.web.servlet.FrameworkServlet.processRequest(FrameworkServlet.java:982)
	org.springframework.web.servlet.FrameworkServlet.doPost(FrameworkServlet.java:872)
	javax.servlet.http.HttpServlet.service(HttpServlet.java:661)
	org.springframework.web.servlet.FrameworkServlet.service(FrameworkServlet.java:846)
	javax.servlet.http.HttpServlet.service(HttpServlet.java:742)
	org.apache.tomcat.websocket.server.WsFilter.doFilter(WsFilter.java:52)
	org.springframework.web.filter.CharacterEncodingFilter.doFilterInternal(CharacterEncodingFilter.java:197)
	org.springframework.web.filter.OncePerRequestFilter.doFilter(OncePerRequestFilter.java:107)
</pre><p><b>Root Cause</b></p><pre>java.lang.NullPointerException
	com.jandy.Service.Impl.UserServiceImpl.UserNameType(UserServiceImpl.java:39)
	com.jandy.Service.Impl.UserServiceImpl.getValidationUser(UserServiceImpl.java:102)
	com.jandy.controller.UserController.SendCodeT(UserController.java:156)
	sun.reflect.GeneratedMethodAccessor134.invoke(Unknown Source)
	sun.reflect.DelegatingMethodAccessorImpl.invoke(DelegatingMethodAccessorImpl.java:43)
	java.lang.reflect.Method.invoke(Method.java:498)
	org.springframework.web.method.support.InvocableHandlerMethod.doInvoke(InvocableHandlerMethod.java:205)
	org.springframework.web.method.support.InvocableHandlerMethod.invokeForRequest(InvocableHandlerMethod.java:133)
	org.springframework.web.servlet.mvc.method.annotation.ServletInvocableHandlerMethod.invokeAndHandle(ServletInvocableHandlerMethod.java:116)
	org.springframework.web.servlet.mvc.method.annotation.RequestMappingHandlerAdapter.invokeHandlerMethod(RequestMappingHandlerAdapter.java:827)
	org.springframework.web.servlet.mvc.method.annotation.RequestMappingHandlerAdapter.handleInternal(RequestMappingHandlerAdapter.java:738)
	org.springframework.web.servlet.mvc.method.AbstractHandlerMethodAdapter.handle(AbstractHandlerMethodAdapter.java:85)
	org.springframework.web.servlet.DispatcherServlet.doDispatch(DispatcherServlet.java:963)
	org.springframework.web.servlet.DispatcherServlet.doService(DispatcherServlet.java:897)
	org.springframework.web.servlet.FrameworkServlet.processRequest(FrameworkServlet.java:970)
	org.springframework.web.servlet.FrameworkServlet.doPost(FrameworkServlet.java:872)
	javax.servlet.http.HttpServlet.service(HttpServlet.java:661)
	org.springframework.web.servlet.FrameworkServlet.service(FrameworkServlet.java:846)
	javax.servlet.http.HttpServlet.service(HttpServlet.java:742)
	org.apache.tomcat.websocket.server.WsFilter.doFilter(WsFilter.java:52)
	org.springframework.web.filter.CharacterEncodingFilter.doFilterInternal(CharacterEncodingFilter.java:197)
	org.springframework.web.filter.OncePerRequestFilter.doFilter(OncePerRequestFilter.java:107)
</pre><p><b>Note</b> The full stack trace of the root cause is available in the server logs.</p><hr class="line" /><h3>Apache Tomcat/8.5.31</h3></body></html>
	at com.alibaba.fastjson.parser.DefaultJSONParser.parse(DefaultJSONParser.java:1394)
	at com.alibaba.fastjson.parser.DefaultJSONParser.parse(DefaultJSONParser.java:1301)
	at com.alibaba.fastjson.JSON.parse(JSON.java:148)
	at com.alibaba.fastjson.JSON.parse(JSON.java:139)
	at com.alibaba.fastjson.JSONPath.read(JSONPath.java:425)
	at com.ydm.api_autotest.TestBase.getBuildValue(TestBase.java:164)
	at com.ydm.api_autotest.TestBase.verifyResult(TestBase.java:144)
	at com.ydm.api_autotest.ApiTest.apiTest(ApiTest.java:187)
	at sun.reflect.NativeMethodAccessorImpl.invoke0(Native Method)
	at sun.reflect.NativeMethodAccessorImpl.invoke(NativeMethodAccessorImpl.java:62)
	at sun.reflect.DelegatingMethodAccessorImpl.invoke(DelegatingMethodAccessorImpl.java:43)
	at java.lang.reflect.Method.invoke(Method.java:498)
	at org.testng.internal.MethodInvocationHelper.invokeMethod(MethodInvocationHelper.java:80)
	at org.testng.internal.Invoker.invokeMethod(Invoker.java:714)
	at org.testng.internal.Invoker.invokeTestMethod(Invoker.java:901)
	at org.testng.internal.Invoker.invokeTestMethods(Invoker.java:1231)
	at org.testng.internal.TestMethodWorker.invokeTestMethods(TestMethodWorker.java:127)
	at org.testng.internal.TestMethodWorker.run(TestMethodWorker.java:111)
	at org.testng.TestRunner.privateRun(TestRunner.java:767)
	at org.testng.TestRunner.run(TestRunner.java:617)
	at org.testng.SuiteRunner.runTest(SuiteRunner.java:334)
	at org.testng.SuiteRunner.runSequentially(SuiteRunner.java:329)
	at org.testng.SuiteRunner.privateRun(SuiteRunner.java:291)
	at org.testng.SuiteRunner.run(SuiteRunner.java:240)
	at org.testng.SuiteRunnerWorker.runSuite(SuiteRunnerWorker.java:52)
	at org.testng.SuiteRunnerWorker.run(SuiteRunnerWorker.java:86)
	at org.testng.TestNG.runSuitesSequentially(TestNG.java:1198)
	at org.testng.TestNG.runSuitesLocally(TestNG.java:1123)
	at org.testng.TestNG.run(TestNG.java:1031)
	at com.ydm.api_autotest.ApiAutotestApplicationTests.main(ApiAutotestApplicationTests.java:29)
]]>
            </full-stacktrace>
          </exception> <!-- com.alibaba.fastjson.JSONException -->
          <reporter-output>
            <line>
              <![CDATA[1556072549551====--- test start ---]]>
            </line>
            <line>
              <![CDATA[1556072549551====method:post]]>
            </line>
            <line>
              <![CDATA[1556072549551====url:https://blog.qinsy.cn/SendCodeT.do]]>
            </line>
            <line>
              <![CDATA[1556072549551====param:{"name":"1@qq.com","password":"00"}]]>
            </line>
            <line>
              <![CDATA[1556072549735====返回状态码：500]]>
            </line>
            <line>
              <![CDATA[1556072549737====resp:<!doctype html><html lang="en"><head><title>HTTP Status 500 – Internal Server Error</title><style type="text/css">h1 {font-family:Tahoma,Arial,sans-serif;color:white;background-color:#525D76;font-size:22px;} h2 {font-family:Tahoma,Arial,sans-serif;color:white;background-color:#525D76;font-size:16px;} h3 {font-family:Tahoma,Arial,sans-serif;color:white;background-color:#525D76;font-size:14px;} body {font-family:Tahoma,Arial,sans-serif;color:black;background-color:white;} b {font-family:Tahoma,Arial,sans-serif;color:white;background-color:#525D76;} p {font-family:Tahoma,Arial,sans-serif;background:white;color:black;font-size:12px;} a {color:black;} a.name {color:black;} .line {height:1px;background-color:#525D76;border:none;}</style></head><body><h1>HTTP Status 500 – Internal Server Error</h1><hr class="line" /><p><b>Type</b> Exception Report</p><p><b>Message</b> Request processing failed; nested exception is java.lang.NullPointerException</p><p><b>Description</b> The server encountered an unexpected condition that prevented it from fulfilling the request.</p><p><b>Exception</b></p><pre>org.springframework.web.util.NestedServletException: Request processing failed; nested exception is java.lang.NullPointerException
	org.springframework.web.servlet.FrameworkServlet.processRequest(FrameworkServlet.java:982)
	org.springframework.web.servlet.FrameworkServlet.doPost(FrameworkServlet.java:872)
	javax.servlet.http.HttpServlet.service(HttpServlet.java:661)
	org.springframework.web.servlet.FrameworkServlet.service(FrameworkServlet.java:846)
	javax.servlet.http.HttpServlet.service(HttpServlet.java:742)
	org.apache.tomcat.websocket.server.WsFilter.doFilter(WsFilter.java:52)
	org.springframework.web.filter.CharacterEncodingFilter.doFilterInternal(CharacterEncodingFilter.java:197)
	org.springframework.web.filter.OncePerRequestFilter.doFilter(OncePerRequestFilter.java:107)
</pre><p><b>Root Cause</b></p><pre>java.lang.NullPointerException
	com.jandy.Service.Impl.UserServiceImpl.UserNameType(UserServiceImpl.java:39)
	com.jandy.Service.Impl.UserServiceImpl.getValidationUser(UserServiceImpl.java:102)
	com.jandy.controller.UserController.SendCodeT(UserController.java:156)
	sun.reflect.GeneratedMethodAccessor134.invoke(Unknown Source)
[...]
	org.apache.tomcat.websocket.server.WsFilter.doFilter(WsFilter.java:52)
	org.springframework.web.filter.CharacterEncodingFilter.doFilterInternal(CharacterEncodingFilter.java:197)
	org.springframework.web.filter.OncePerRequestFilter.doFilter(OncePerRequestFilter.java:107)
</pre><p><b>Note</b> The full stack trace of the root cause is available in the server logs.</p><hr class="line" /><h3>Apache Tomcat/8.5.31</h3></body></html>]]>
            </line>
            <line>
              <![CDATA[1556072549738====验证数据：$.state=5]]>
            </line>
          </reporter-output>
        </test-method> <!-- apiTest -->
        <test-method status="FAIL" signature="apiTest(com.ydm.api_autotest.beans.ApiDataBean)[pri:0, instance:com.ydm.api_autotest.ApiTest@d041cf]" name="apiTest" duration-ms="924" started-at="2019-04-24T10:22:29Z" data-provider="apiDatas" finished-at="2019-04-24T10:22:30Z">
          <params>
            <param index="0">
              <value>
                <![CDATA[desc:登录验证码接口,method:post,url:login2.do,param:{"username":"1@qq.com","password":"00"}]]>
              </value>
            </param>
          </params>
          <exception class="com.alibaba.fastjson.JSONException">
            <message>
              <![CDATA[syntax error, pos 1, json : <!doctype html><html lang="en"><head><title>HTTP Status 500 – Internal Server Error</title><style type="text/css">h1 {font-family:Tahoma,Arial,sans-serif;color:white;background-color:#525D76;font-size:22px;} h2 {font-family:Tahoma,Arial,sans-serif;color:white;background-color:#525D76;font-size:16px;} h3 {font-family:Tahoma,Arial,sans-serif;color:white;background-color:#525D76;font-size:14px;} body {font-family:Tahoma,Arial,sans-serif;color:black;background-color:white;} b {font-family:Tahoma,Arial,sans-serif;color:white;background-color:#525D76;} p {font-family:Tahoma,Arial,sans-serif;background:white;color:black;font-size:12px;} a {color:black;} a.name {color:black;} .line {height:1px;background-color:#525D76;border:none;}</style></head><body><h1>HTTP Status 500 – Internal Server Error</h1><hr class="line" /><p><b>Type</b> Exception Report</p><p><b>Message</b> Request processing failed; nested exception is net.sf.json.JSONException: null object</p><p><b>Description</b> The server encountered an unexpected condition that prevented it from fulfilling the request.</p><p><b>Exception</b></p><pre>org.springframework.web.util.NestedServletException: Request processing failed; nested exception is net.sf.json.JSONException: null object
	org.springframework.web.servlet.FrameworkServlet.processRequest(FrameworkServlet.java:982)
	org.springframework.web.servlet.FrameworkServlet.doPost(FrameworkServlet.java:872)
	javax.servlet.http.HttpServlet.service(HttpServlet.java:661)
	org.springframework.web.servlet.FrameworkServlet.service(FrameworkServlet.java:846)
	javax.servlet.http.HttpServlet.service(HttpServlet.java:742)
	org.apache.tomcat.websocket.server.WsFilter.doFilter(WsFilter.java:52)
	org.springframework.web.filter.CharacterEncodingFilter.doFilterInternal(CharacterEncodingFilter.java:197)
	org.springframework.web.filter.OncePerRequestFilter.doFilter(OncePerRequestFilter.java:107)
</pre><p><b>Root Cause</b></p><pre>net.sf.json.JSONException: null object
	net.sf.json.JSONObject.verifyIsNull(JSONObject.java:2856)
	net.sf.json.JSONObject.getString(JSONObject.java:2172)
	com.jandy.controller.UserController.Login2(UserController.java:301)
	sun.reflect.NativeMethodAccessorImpl.invoke0(Native Method)
	sun.reflect.NativeMethodAccessorImpl.invoke(NativeMethodAccessorImpl.java:62)
	sun.reflect.DelegatingMethodAccessorImpl.invoke(DelegatingMethodAccessorImpl.java:43)
	java.lang.reflect.Method.invoke(Method.java:498)
	org.springframework.web.method.support.InvocableHandlerMethod.doInvoke(InvocableHandlerMethod.java:205)
	org.springframework.web.method.support.InvocableHandlerMethod.invokeForRequest(InvocableHandlerMethod.java:133)
	org.springframework.web.servlet.mvc.method.annotation.ServletInvocableHandlerMethod.invokeAndHandle(ServletInvocableHandlerMethod.java:116)
	org.springframework.web.servlet.mvc.method.annotation.RequestMappingHandlerAdapter.invokeHandlerMethod(RequestMappingHandlerAdapter.java:827)
	org.springframework.web.servlet.mvc.method.annotation.RequestMappingHandlerAdapter.handleInternal(RequestMappingHandlerAdapter.java:738)
	org.springframework.web.servlet.mvc.method.AbstractHandlerMethodAdapter.handle(AbstractHandlerMethodAdapter.java:85)
	org.springframework.web.servlet.DispatcherServlet.doDispatch(DispatcherServlet.java:963)
	org.springframework.web.servlet.DispatcherServlet.doService(DispatcherServlet.java:897)
	org.springframework.web.servlet.FrameworkServlet.processRequest(FrameworkServlet.java:970)
	org.springframework.web.servlet.FrameworkServlet.doPost(FrameworkServlet.java:872)
	javax.servlet.http.HttpServlet.service(HttpServlet.java:661)
	org.springframework.web.servlet.FrameworkServlet.service(FrameworkServlet.java:846)
	javax.servlet.http.HttpServlet.service(HttpServlet.java:742)
	org.apache.tomcat.websocket.server.WsFilter.doFilter(WsFilter.java:52)
	org.springframework.web.filter.CharacterEncodingFilter.doFilterInternal(CharacterEncodingFilter.java:197)
	org.springframework.web.filter.OncePerRequestFilter.doFilter(OncePerRequestFilter.java:107)
</pre><p><b>Note</b> The full stack trace of the root cause is available in the server logs.</p><hr class="line" /><h3>Apache Tomcat/8.5.31</h3></body></html>]]>
            </message>
            <full-stacktrace>
              <![CDATA[com.alibaba.fastjson.JSONException: syntax error, pos 1, json : <!doctype html><html lang="en"><head><title>HTTP Status 500 – Internal Server Error</title><style type="text/css">h1 {font-family:Tahoma,Arial,sans-serif;color:white;background-color:#525D76;font-size:22px;} h2 {font-family:Tahoma,Arial,sans-serif;color:white;background-color:#525D76;font-size:16px;} h3 {font-family:Tahoma,Arial,sans-serif;color:white;background-color:#525D76;font-size:14px;} body {font-family:Tahoma,Arial,sans-serif;color:black;background-color:white;} b {font-family:Tahoma,Arial,sans-serif;color:white;background-color:#525D76;} p {font-family:Tahoma,Arial,sans-serif;background:white;color:black;font-size:12px;} a {color:black;} a.name {color:black;} .line {height:1px;background-color:#525D76;border:none;}</style></head><body><h1>HTTP Status 500 – Internal Server Error</h1><hr class="line" /><p><b>Type</b> Exception Report</p><p><b>Message</b> Request processing failed; nested exception is net.sf.json.JSONException: null object</p><p><b>Description</b> The server encountered an unexpected condition that prevented it from fulfilling the request.</p><p><b>Exception</b></p><pre>org.springframework.web.util.NestedServletException: Request processing failed; nested exception is net.sf.json.JSONException: null object
	org.springframework.web.servlet.FrameworkServlet.processRequest(FrameworkServlet.java:982)
	org.springframework.web.servlet.FrameworkServlet.doPost(FrameworkServlet.java:872)
	javax.servlet.http.HttpServlet.service(HttpServlet.java:661)
	org.springframework.web.servlet.FrameworkServlet.service(FrameworkServlet.java:846)
	javax.servlet.http.HttpServlet.service(HttpServlet.java:742)
	org.apache.tomcat.websocket.server.WsFilter.doFilter(WsFilter.java:52)
	org.springframework.web.filter.CharacterEncodingFilter.doFilterInternal(CharacterEncodingFilter.java:197)
	org.springframework.web.filter.OncePerRequestFilter.doFilter(OncePerRequestFilter.java:107)
</pre><p><b>Root Cause</b></p><pre>net.sf.json.JSONException: null object
	net.sf.json.JSONObject.verifyIsNull(JSONObject.java:2856)
	net.sf.json.JSONObject.getString(JSONObject.java:2172)
	com.jandy.controller.UserController.Login2(UserController.java:301)
	sun.reflect.NativeMethodAccessorImpl.invoke0(Native Method)
	sun.reflect.NativeMethodAccessorImpl.invoke(NativeMethodAccessorImpl.java:62)
	sun.reflect.DelegatingMethodAccessorImpl.invoke(DelegatingMethodAccessorImpl.java:43)
	java.lang.reflect.Method.invoke(Method.java:498)
	org.springframework.web.method.support.InvocableHandlerMethod.doInvoke(InvocableHandlerMethod.java:205)
	org.springframework.web.method.support.InvocableHandlerMethod.invokeForRequest(InvocableHandlerMethod.java:133)
	org.springframework.web.servlet.mvc.method.annotation.ServletInvocableHandlerMethod.invokeAndHandle(ServletInvocableHandlerMethod.java:116)
	org.springframework.web.servlet.mvc.method.annotation.RequestMappingHandlerAdapter.invokeHandlerMethod(RequestMappingHandlerAdapter.java:827)
	org.springframework.web.servlet.mvc.method.annotation.RequestMappingHandlerAdapter.handleInternal(RequestMappingHandlerAdapter.java:738)
	org.springframework.web.servlet.mvc.method.AbstractHandlerMethodAdapter.handle(AbstractHandlerMethodAdapter.java:85)
	org.springframework.web.servlet.DispatcherServlet.doDispatch(DispatcherServlet.java:963)
	org.springframework.web.servlet.DispatcherServlet.doService(DispatcherServlet.java:897)
	org.springframework.web.servlet.FrameworkServlet.processRequest(FrameworkServlet.java:970)
	org.springframework.web.servlet.FrameworkServlet.doPost(FrameworkServlet.java:872)
	javax.servlet.http.HttpServlet.service(HttpServlet.java:661)
	org.springframework.web.servlet.FrameworkServlet.service(FrameworkServlet.java:846)
	javax.servlet.http.HttpServlet.service(HttpServlet.java:742)
	org.apache.tomcat.websocket.server.WsFilter.doFilter(WsFilter.java:52)
	org.springframework.web.filter.CharacterEncodingFilter.doFilterInternal(CharacterEncodingFilter.java:197)
	org.springframework.web.filter.OncePerRequestFilter.doFilter(OncePerRequestFilter.java:107)
</pre><p><b>Note</b> The full stack trace of the root cause is available in the server logs.</p><hr class="line" /><h3>Apache Tomcat/8.5.31</h3></body></html>
	at com.alibaba.fastjson.parser.DefaultJSONParser.parse(DefaultJSONParser.java:1394)
	at com.alibaba.fastjson.parser.DefaultJSONParser.parse(DefaultJSONParser.java:1301)
	at com.alibaba.fastjson.JSON.parse(JSON.java:148)
	at com.alibaba.fastjson.JSON.parse(JSON.java:139)
	at com.alibaba.fastjson.JSONPath.read(JSONPath.java:425)
	at com.ydm.api_autotest.TestBase.getBuildValue(TestBase.java:164)
	at com.ydm.api_autotest.TestBase.verifyResult(TestBase.java:144)
	at com.ydm.api_autotest.ApiTest.apiTest(ApiTest.java:187)
	at sun.reflect.NativeMethodAccessorImpl.invoke0(Native Method)
	at sun.reflect.NativeMethodAccessorImpl.invoke(NativeMethodAccessorImpl.java:62)
	at sun.reflect.DelegatingMethodAccessorImpl.invoke(DelegatingMethodAccessorImpl.java:43)
	at java.lang.reflect.Method.invoke(Method.java:498)
	at org.testng.internal.MethodInvocationHelper.invokeMethod(MethodInvocationHelper.java:80)
	at org.testng.internal.Invoker.invokeMethod(Invoker.java:714)
	at org.testng.internal.Invoker.invokeTestMethod(Invoker.java:901)
	at org.testng.internal.Invoker.invokeTestMethods(Invoker.java:1231)
	at org.testng.internal.TestMethodWorker.invokeTestMethods(TestMethodWorker.java:127)
	at org.testng.internal.TestMethodWorker.run(TestMethodWorker.java:111)
	at org.testng.TestRunner.privateRun(TestRunner.java:767)
	at org.testng.TestRunner.run(TestRunner.java:617)
	at org.testng.SuiteRunner.runTest(SuiteRunner.java:334)
	at org.testng.SuiteRunner.runSequentially(SuiteRunner.java:329)
	at org.testng.SuiteRunner.privateRun(SuiteRunner.java:291)
	at org.testng.SuiteRunner.run(SuiteRunner.java:240)
	at org.testng.SuiteRunnerWorker.runSuite(SuiteRunnerWorker.java:52)
	at org.testng.SuiteRunnerWorker.run(SuiteRunnerWorker.java:86)
	at org.testng.TestNG.runSuitesSequentially(TestNG.java:1198)
	at org.testng.TestNG.runSuitesLocally(TestNG.java:1123)
	at org.testng.TestNG.run(TestNG.java:1031)
	at com.ydm.api_autotest.ApiAutotestApplicationTests.main(ApiAutotestApplicationTests.java:29)
]]>
            </full-stacktrace>
          </exception> <!-- com.alibaba.fastjson.JSONException -->
          <reporter-output>
            <line>
              <![CDATA[1556072549738====--- test start ---]]>
            </line>
            <line>
              <![CDATA[1556072549738====method:post]]>
            </line>
            <line>
              <![CDATA[1556072549738====url:https://blog.qinsy.cn/login2.do]]>
            </line>
            <line>
              <![CDATA[1556072549739====param:{"username":"1@qq.com","password":"00"}]]>
            </line>
            <line>
              <![CDATA[1556072550659====返回状态码：500]]>
            </line>
            <line>
              <![CDATA[1556072550662====resp:<!doctype html><html lang="en"><head><title>HTTP Status 500 – Internal Server Error</title><style type="text/css">h1 {font-family:Tahoma,Arial,sans-serif;color:white;background-color:#525D76;font-size:22px;} h2 {font-family:Tahoma,Arial,sans-serif;color:white;background-color:#525D76;font-size:16px;} h3 {font-family:Tahoma,Arial,sans-serif;color:white;background-color:#525D76;font-size:14px;} body {font-family:Tahoma,Arial,sans-serif;color:black;background-color:white;} b {font-family:Tahoma,Arial,sans-serif;color:white;background-color:#525D76;} p {font-family:Tahoma,Arial,sans-serif;background:white;color:black;font-size:12px;} a {color:black;} a.name {color:black;} .line {height:1px;background-color:#525D76;border:none;}</style></head><body><h1>HTTP Status 500 – Internal Server Error</h1><hr class="line" /><p><b>Type</b> Exception Report</p><p><b>Message</b> Request processing failed; nested exception is net.sf.json.JSONException: null object</p><p><b>Description</b> The server encountered an unexpected condition that prevented it from fulfilling the request.</p><p><b>Exception</b></p><pre>org.springframework.web.util.NestedServletException: Request processing failed; nested exception is net.sf.json.JSONException: null object
	org.springframework.web.servlet.FrameworkServlet.processRequest(FrameworkServlet.java:982)
	org.springframework.web.servlet.FrameworkServlet.doPost(FrameworkServlet.java:872)
	javax.servlet.http.HttpServlet.service(HttpServlet.java:661)
	org.springframework.web.servlet.FrameworkServlet.service(FrameworkServlet.java:846)
	javax.servlet.http.HttpServlet.service(HttpServlet.java:742)
	org.apache.tomcat.websocket.server.WsFilter.doFilter(WsFilter.java:52)
	org.springframework.web.filter.CharacterEncodingFilter.doFilterInternal(CharacterEncodingFilter.java:197)
	org.springframework.web.filter.OncePerRequestFilter.doFilter(OncePerRequestFilter.java:107)
</pre><p><b>Root Cause</b></p><pre>net.sf.json.JSONException: null object
	net.sf.json.JSONObject.verifyIsNull(JSONObject.java:2856)
	net.sf.json.JSONObject.getString(JSONObject.java:2172)
	com.jandy.controller.UserController.Login2(UserController.java:301)
	sun.reflect.NativeMethodAccessorImpl.invoke0(Native Method)
	sun.reflect.NativeMethodAccessorImpl.invoke(NativeMethodAccessorImpl.java:62)
	sun.reflect.DelegatingMethodAccessorImpl.invoke(DelegatingMethodAccessorImpl.java:43)
	java.lang.reflect.Method.invoke(Method.java:498)
	org.springframework.web.method.support.InvocableHandlerMethod.doInvoke(InvocableHandlerMethod.java:205)
	org.springframework.web.method.support.InvocableHandlerMethod.invokeForRequest(InvocableHandlerMethod.java:133)
	org.springframework.web.servlet.mvc.method.annotation.ServletInvocableHandlerMethod.invokeAndHandle(ServletInvocableHandlerMethod.java:116)
	org.springframework.web.servlet.mvc.method.annotation.RequestMappingHandlerAdapter.invokeHandlerMethod(RequestMappingHandlerAdapter.java:827)
	org.springframework.web.servlet.mvc.method.annotation.RequestMappingHandlerAdapter.handleInternal(RequestMappingHandlerAdapter.java:738)
	org.springframework.web.servlet.mvc.method.AbstractHandlerMethodAdapter.handle(AbstractHandlerMethodAdapter.java:85)
	org.springframework.web.servlet.DispatcherServlet.doDispatch(DispatcherServlet.java:963)
	org.springframework.web.servlet.DispatcherServlet.doService(DispatcherServlet.java:897)
	org.springframework.web.servlet.FrameworkServlet.processRequest(FrameworkServlet.java:970)
	org.springframework.web.servlet.FrameworkServlet.doPost(FrameworkServlet.java:872)
	javax.servlet.http.HttpServlet.service(HttpServlet.java:661)
	org.springframework.web.servlet.FrameworkServlet.service(FrameworkServlet.java:846)
	javax.servlet.http.HttpServlet.service(HttpServlet.java:742)
	org.apache.tomcat.websocket.server.WsFilter.doFilter(WsFilter.java:52)
	org.springframework.web.filter.CharacterEncodingFilter.doFilterInternal(CharacterEncodingFilter.java:197)
	org.springframework.web.filter.OncePerRequestFilter.doFilter(OncePerRequestFilter.java:107)
</pre><p><b>Note</b> The full stack trace of the root cause is available in the server logs.</p><hr class="line" /><h3>Apache Tomcat/8.5.31</h3></body></html>]]>
            </line>
            <line>
              <![CDATA[1556072550662====验证数据：$.state=5]]>
            </line>
          </reporter-output>
        </test-method> <!-- apiTest -->
        <test-method status="PASS" signature="apiTest(com.ydm.api_autotest.beans.ApiDataBean)[pri:0, instance:com.ydm.api_autotest.ApiTest@d041cf]" name="apiTest" duration-ms="93" started-at="2019-04-24T10:22:30Z" data-provider="apiDatas" finished-at="2019-04-24T10:22:30Z">
          <params>
            <param index="0">
              <value>
                <![CDATA[desc:测试post,method:post,url:http://coolaf.com/tool/params,param:p=ptest&p=test2]]>
              </value>
            </param>
          </params>
          <reporter-output>
            <line>
              <![CDATA[1556072550662====--- test start ---]]>
            </line>
            <line>
              <![CDATA[1556072550663====method:post]]>
            </line>
            <line>
              <![CDATA[1556072550663====url:http://coolaf.com/tool/params]]>
            </line>
            <line>
              <![CDATA[1556072550663====param:p=ptest&p=test2]]>
            </line>
            <line>
              <![CDATA[1556072550755====返回状态码：200]]>
            </line>
            <line>
              <![CDATA[1556072550755====resp:request params
GET:
POST:


Header:
Connection:[upgrade]
Content-Length:[15]
Content-Type:[application/json]
User-Agent:[Apache-HttpClient/4.5.8 (Java/1.8.0_131)]
X-Forwarded-For:[183.49.47.160]
X-Real-Ip:[183.49.47.160]
]]>
            </line>
          </reporter-output>
        </test-method> <!-- apiTest -->
        <test-method status="PASS" signature="apiTest(com.ydm.api_autotest.beans.ApiDataBean)[pri:0, instance:com.ydm.api_autotest.ApiTest@d041cf]" name="apiTest" duration-ms="41" started-at="2019-04-24T10:22:30Z" data-provider="apiDatas" finished-at="2019-04-24T10:22:30Z">
          <params>
            <param index="0">
              <value>
                <![CDATA[desc:测试post,method:post,url:http://coolaf.com/tool/params,param:{"p":"ptest","p":"test2"}]]>
              </value>
            </param>
          </params>
          <reporter-output>
            <line>
              <![CDATA[1556072550755====--- test start ---]]>
            </line>
            <line>
              <![CDATA[1556072550755====method:post]]>
            </line>
            <line>
              <![CDATA[1556072550755====url:http://coolaf.com/tool/params]]>
            </line>
            <line>
              <![CDATA[1556072550755====param:{"p":"ptest","p":"test2"}]]>
            </line>
            <line>
              <![CDATA[1556072550795====返回状态码：200]]>
            </line>
            <line>
              <![CDATA[1556072550795====resp:request params
GET:
POST:
cookie:cook=cook;

Header:
Content-Length:[25]
Content-Type:[application/json]
User-Agent:[Apache-HttpClient/4.5.8 (Java/1.8.0_131)]
Cookie:[cook=cook]
X-Forwarded-For:[183.49.47.160]
X-Real-Ip:[183.49.47.160]
Connection:[upgrade]
]]>
            </line>
          </reporter-output>
        </test-method> <!-- apiTest -->
      </class> <!-- com.ydm.api_autotest.ApiTest -->
    </test> <!-- 自动化测试用例 -->
  </suite> <!-- 接口自动化测试 -->
</testng-results>
